TN:
SF:script/deployMarketFactory.s.sol
DA:21,0
FN:21,DeployMarketFactory.run
FNDA:0,DeployMarketFactory.run
DA:22,0
DA:25,0
DA:28,0
DA:30,0
DA:33,0
DA:36,0
DA:39,0
DA:40,0
DA:43,0
DA:48,0
DA:49,0
DA:52,0
DA:55,0
DA:58,0
DA:60,0
DA:63,0
DA:64,0
DA:65,0
DA:66,0
DA:67,0
FNF:1
FNH:0
LF:21
LH:0
BRF:0
BRH:0
end_of_record
TN:
SF:script/interfaces/ReceiverTemplate.sol
DA:42,28
FN:42,ReceiverTemplate.constructor
FNDA:28,ReceiverTemplate.constructor
DA:43,28
BRDA:43,0,0,-
DA:44,0
DA:46,28
DA:47,28
DA:52,0
FN:52,ReceiverTemplate.getForwarderAddress
FNDA:0,ReceiverTemplate.getForwarderAddress
DA:53,0
DA:58,0
FN:58,ReceiverTemplate.getExpectedAuthor
FNDA:0,ReceiverTemplate.getExpectedAuthor
DA:59,0
DA:64,0
FN:64,ReceiverTemplate.getExpectedWorkflowName
FNDA:0,ReceiverTemplate.getExpectedWorkflowName
DA:65,0
DA:70,0
FN:70,ReceiverTemplate.getExpectedWorkflowId
FNDA:0,ReceiverTemplate.getExpectedWorkflowId
DA:71,0
DA:76,0
FN:76,ReceiverTemplate.onReport
FNDA:0,ReceiverTemplate.onReport
DA:78,0
BRDA:78,1,0,-
DA:79,0
DA:84,0
DA:85,0
BRDA:85,2,0,-
DA:86,0
DA:88,0
BRDA:88,3,0,-
DA:89,0
DA:91,0
BRDA:91,4,0,-
DA:92,0
DA:104,0
BRDA:104,5,0,-
DA:106,0
BRDA:106,6,0,-
DA:107,0
DA:110,0
BRDA:110,7,0,-
DA:111,0
DA:116,0
DA:124,0
FN:124,ReceiverTemplate.setForwarderAddress
FNDA:0,ReceiverTemplate.setForwarderAddress
DA:125,0
DA:128,0
BRDA:128,8,0,-
DA:129,0
DA:132,0
DA:133,0
DA:138,0
FN:138,ReceiverTemplate.setExpectedAuthor
FNDA:0,ReceiverTemplate.setExpectedAuthor
DA:139,0
DA:140,0
DA:141,0
DA:152,0
FN:152,ReceiverTemplate.setExpectedWorkflowName
FNDA:0,ReceiverTemplate.setExpectedWorkflowName
DA:153,0
DA:155,0
BRDA:155,9,0,-
DA:156,0
DA:157,0
DA:158,0
DA:163,0
DA:164,0
DA:165,0
DA:166,0
DA:167,0
DA:169,0
DA:170,0
DA:175,0
FN:175,ReceiverTemplate.setExpectedWorkflowId
FNDA:0,ReceiverTemplate.setExpectedWorkflowId
DA:176,0
DA:177,0
DA:178,0
DA:184,0
FN:184,ReceiverTemplate._bytesToHexString
FNDA:0,ReceiverTemplate._bytesToHexString
DA:185,0
DA:187,0
DA:188,0
DA:189,0
DA:192,0
DA:200,0
FN:200,ReceiverTemplate._decodeMetadata
FNDA:0,ReceiverTemplate._decodeMetadata
DA:211,0
DA:212,0
DA:213,0
DA:215,0
DA:224,0
FN:224,ReceiverTemplate.supportsInterface
FNDA:0,ReceiverTemplate.supportsInterface
DA:225,0
FNF:13
FNH:1
LF:69
LH:4
BRF:10
BRH:0
end_of_record
TN:
SF:script/interfaces/ReceiverTemplateUpgradeable.sol
DA:39,0
FN:39,ReceiverTemplateUpgradeable.__ReceiverTemplateUpgradeable_init
FNDA:0,ReceiverTemplateUpgradeable.__ReceiverTemplateUpgradeable_init
DA:43,0
DA:44,0
BRDA:44,0,0,-
DA:45,0
DA:46,0
DA:49,0
FN:49,ReceiverTemplateUpgradeable.getForwarderAddress
FNDA:0,ReceiverTemplateUpgradeable.getForwarderAddress
DA:50,0
DA:53,0
FN:53,ReceiverTemplateUpgradeable._getForwarderAddress
FNDA:0,ReceiverTemplateUpgradeable._getForwarderAddress
DA:54,0
DA:57,0
FN:57,ReceiverTemplateUpgradeable.getExpectedAuthor
FNDA:0,ReceiverTemplateUpgradeable.getExpectedAuthor
DA:58,0
DA:61,0
FN:61,ReceiverTemplateUpgradeable.getExpectedWorkflowName
FNDA:0,ReceiverTemplateUpgradeable.getExpectedWorkflowName
DA:62,0
DA:65,0
FN:65,ReceiverTemplateUpgradeable.getExpectedWorkflowId
FNDA:0,ReceiverTemplateUpgradeable.getExpectedWorkflowId
DA:66,0
DA:69,0
FN:69,ReceiverTemplateUpgradeable.onReport
FNDA:0,ReceiverTemplateUpgradeable.onReport
DA:70,0
BRDA:70,1,0,-
DA:71,0
DA:75,0
DA:76,0
BRDA:76,2,0,-
DA:77,0
DA:79,0
BRDA:79,3,0,-
DA:80,0
DA:82,0
BRDA:82,4,0,-
DA:83,0
DA:85,0
BRDA:85,5,0,-
DA:86,0
BRDA:86,6,0,-
DA:87,0
DA:89,0
BRDA:89,7,0,-
DA:90,0
DA:95,0
DA:98,0
FN:98,ReceiverTemplateUpgradeable.setForwarderAddress
FNDA:0,ReceiverTemplateUpgradeable.setForwarderAddress
DA:99,0
DA:101,0
BRDA:101,8,0,-
DA:102,0
DA:105,0
DA:106,0
DA:109,0
FN:109,ReceiverTemplateUpgradeable.setExpectedAuthor
FNDA:0,ReceiverTemplateUpgradeable.setExpectedAuthor
DA:110,0
DA:111,0
DA:112,0
DA:115,0
FN:115,ReceiverTemplateUpgradeable.setExpectedWorkflowName
FNDA:0,ReceiverTemplateUpgradeable.setExpectedWorkflowName
DA:116,0
DA:118,0
BRDA:118,9,0,-
DA:119,0
DA:120,0
DA:121,0
DA:124,0
DA:125,0
DA:126,0
DA:127,0
DA:128,0
DA:130,0
DA:131,0
DA:134,0
FN:134,ReceiverTemplateUpgradeable.setExpectedWorkflowId
FNDA:0,ReceiverTemplateUpgradeable.setExpectedWorkflowId
DA:135,0
DA:136,0
DA:137,0
DA:140,0
FN:140,ReceiverTemplateUpgradeable._bytesToHexString
FNDA:0,ReceiverTemplateUpgradeable._bytesToHexString
DA:141,0
DA:143,0
DA:144,0
DA:145,0
DA:148,0
DA:151,0
FN:151,ReceiverTemplateUpgradeable._decodeMetadata
FNDA:0,ReceiverTemplateUpgradeable._decodeMetadata
DA:157,0
DA:158,0
DA:159,0
DA:161,0
DA:166,0
FN:166,ReceiverTemplateUpgradeable.supportsInterface
FNDA:0,ReceiverTemplateUpgradeable.supportsInterface
DA:167,0
FNF:14
FNH:0
LF:71
LH:0
BRF:10
BRH:0
end_of_record
TN:
SF:src/MarketDeployer.sol
DA:27,0
FN:27,MarketDeployer.onlyFactory
FNDA:0,MarketDeployer.onlyFactory
DA:28,0
BRDA:28,0,0,-
DA:37,0
FN:37,MarketDeployer.setFactory
FNDA:0,MarketDeployer.setFactory
DA:38,0
BRDA:38,1,0,-
DA:39,0
BRDA:39,2,0,-
DA:40,0
DA:44,0
FN:44,MarketDeployer.getFactory
FNDA:0,MarketDeployer.getFactory
DA:45,0
DA:56,0
FN:56,MarketDeployer.deployPredictionMarket
FNDA:0,MarketDeployer.deployPredictionMarket
DA:64,0
DA:68,0
DA:69,0
FNF:4
FNH:0
LF:12
LH:0
BRF:3
BRH:0
end_of_record
TN:
SF:src/MarketFactory.sol
DA:153,0
FN:153,MarketFactory.constructor
FNDA:0,MarketFactory.constructor
DA:154,0
DA:164,0
FN:164,MarketFactory.initialize
FNDA:0,MarketFactory.initialize
DA:169,0
DA:170,0
DA:171,0
BRDA:171,0,0,-
DA:172,0
DA:175,0
DA:176,0
DA:177,0
DA:178,0
DA:187,0
FN:187,MarketFactory.setMarketDeployer
FNDA:0,MarketFactory.setMarketDeployer
DA:188,0
BRDA:188,1,0,-
DA:189,0
DA:194,0
FN:194,MarketFactory._authorizeUpgrade
FNDA:0,MarketFactory._authorizeUpgrade
DA:195,0
BRDA:195,2,0,-
DA:196,0
DA:205,0
FN:205,MarketFactory.addLiquidityToFactory
FNDA:0,MarketFactory.addLiquidityToFactory
DA:206,0
DA:207,0
DA:208,0
DA:214,0
FN:214,MarketFactory.createMarket
FNDA:0,MarketFactory.createMarket
DA:219,0
BRDA:219,3,0,-
DA:220,0
DA:224,0
BRDA:224,4,0,-
DA:225,0
DA:228,0
BRDA:228,5,0,-
DA:229,0
BRDA:229,6,0,-
DA:230,0
DA:233,0
DA:240,0
DA:243,0
DA:247,0
DA:248,0
DA:249,0
DA:252,0
DA:253,0
DA:254,0
DA:257,0
DA:259,0
DA:261,0
DA:265,0
FN:265,MarketFactory.setCcipConfig
FNDA:0,MarketFactory.setCcipConfig
DA:266,0
BRDA:266,7,0,-
DA:267,0
DA:268,0
DA:269,0
DA:270,0
DA:274,0
FN:274,MarketFactory.setTrustedRemote
FNDA:0,MarketFactory.setTrustedRemote
DA:275,0
BRDA:275,8,0,-
DA:276,0
BRDA:276,9,0,-
DA:279,0
BRDA:279,10,0,-
DA:280,0
DA:283,0
DA:284,0
BRDA:284,11,0,-
DA:285,0
DA:286,0
DA:289,0
DA:293,0
FN:293,MarketFactory.removeTrustedRemote
FNDA:0,MarketFactory.removeTrustedRemote
DA:295,0
BRDA:295,12,0,-
DA:296,0
BRDA:296,13,0,-
DA:297,0
DA:301,0
BRDA:301,14,0,-
DA:302,0
DA:303,0
DA:304,0
DA:305,0
BRDA:305,15,0,-
DA:306,0
DA:307,0
DA:308,0
DA:313,0
DA:317,0
FN:317,MarketFactory.getSpokeSelectors
FNDA:0,MarketFactory.getSpokeSelectors
DA:318,0
DA:322,0
FN:322,MarketFactory.broadcastCanonicalPrice
FNDA:0,MarketFactory.broadcastCanonicalPrice
DA:326,0
BRDA:326,16,0,-
DA:327,0
BRDA:327,17,0,-
DA:328,0
BRDA:328,18,0,-
DA:329,0
BRDA:329,19,0,-
DA:331,0
DA:338,0
DA:340,0
DA:341,0
DA:342,0
DA:343,0
DA:348,0
FN:348,MarketFactory.broadcastResolution
FNDA:0,MarketFactory.broadcastResolution
DA:349,0
BRDA:349,20,0,-
DA:350,0
BRDA:350,21,0,-
DA:351,0
BRDA:351,22,0,-
DA:352,0
BRDA:352,23,0,-
DA:353,0
BRDA:353,24,0,-
DA:354,0
DA:357,0
DA:359,0
DA:361,0
DA:362,0
DA:363,0
DA:364,0
DA:369,0
FN:369,MarketFactory.setMarketIdMapping
FNDA:0,MarketFactory.setMarketIdMapping
DA:370,0
BRDA:370,25,0,-
DA:371,0
DA:372,0
DA:382,0
FN:382,MarketFactory.removeResolvedMarket
FNDA:0,MarketFactory.removeResolvedMarket
DA:383,0
DA:384,0
DA:387,0
DA:388,0
DA:389,0
DA:395,0
FN:395,MarketFactory.ccipReceive
FNDA:0,MarketFactory.ccipReceive
DA:396,0
BRDA:396,26,0,-
DA:398,0
DA:399,0
BRDA:399,27,0,-
DA:400,0
BRDA:400,28,0,-
DA:402,0
BRDA:402,29,0,-
DA:403,0
DA:405,0
DA:407,0
BRDA:407,30,0,-
DA:408,0
DA:409,0
DA:410,0
BRDA:410,31,0,-
DA:411,0
DA:412,0
DA:413,0
DA:416,0
BRDA:416,32,0,-
DA:417,0
DA:418,0
DA:419,0
BRDA:419,33,0,-
DA:420,0
BRDA:420,34,0,-
DA:421,0
BRDA:421,35,0,-
DA:422,0
DA:425,0
DA:426,0
DA:427,0
DA:428,0
DA:431,0
DA:436,0
FN:436,MarketFactory._processReport
FNDA:0,MarketFactory._processReport
DA:440,0
FN:440,MarketFactory._sendCcipMessage
FNDA:0,MarketFactory._sendCcipMessage
DA:444,0
DA:445,0
BRDA:445,36,0,-
DA:447,0
DA:448,0
DA:456,0
DA:457,0
DA:458,0
FNF:17
FNH:0
LF:142
LH:0
BRF:37
BRH:0
end_of_record
TN:
SF:src/OutcomeToken.sol
DA:45,75
FN:45,OutcomeToken.constructor
FNDA:75,OutcomeToken.constructor
DA:46,75
BRDA:46,0,0,-
DA:58,0
FN:58,OutcomeToken.decimals
FNDA:0,OutcomeToken.decimals
DA:59,0
DA:69,108
FN:69,OutcomeToken.mint
FNDA:108,OutcomeToken.mint
DA:70,108
DA:80,6
FN:80,OutcomeToken.burn
FNDA:6,OutcomeToken.burn
DA:81,6
FNF:4
FNH:3
LF:8
LH:6
BRF:1
BRH:0
end_of_record
TN:
SF:src/PredictionMarket.sol
DA:140,28
FN:140,PredictionMarket.constructor
FNDA:28,PredictionMarket.constructor
DA:149,28
BRDA:149,0,0,2
DA:150,2
DA:154,26
BRDA:154,1,0,1
DA:155,1
DA:159,25
DA:160,25
DA:161,25
DA:162,25
DA:165,25
DA:166,25
DA:169,25
DA:172,25
DA:189,2
FN:189,PredictionMarket.marketOpen
FNDA:2,PredictionMarket.marketOpen
DA:190,2
DA:191,2
BRDA:191,2,0,-
DA:192,0
DA:194,2
BRDA:194,3,0,-
DA:195,0
DA:197,2
BRDA:197,4,0,-
DA:198,0
DA:201,2
BRDA:201,5,0,-
DA:209,2
FN:209,PredictionMarket.seededOnly
FNDA:2,PredictionMarket.seededOnly
DA:210,2
BRDA:210,6,0,-
DA:211,0
DA:216,2
FN:216,PredictionMarket.zeroAmountCheck
FNDA:2,PredictionMarket.zeroAmountCheck
DA:217,2
BRDA:217,7,0,-
DA:218,0
DA:223,2
FN:223,PredictionMarket.onlyCrossChainController
FNDA:2,PredictionMarket.onlyCrossChainController
DA:224,2
BRDA:224,8,0,1
DA:225,1
DA:238,31
FN:238,PredictionMarket._updateState
FNDA:31,PredictionMarket._updateState
DA:239,31
BRDA:239,9,0,8
DA:240,8
DA:244,6
FN:244,PredictionMarket._isCanonicalPricingMode
FNDA:6,PredictionMarket._isCanonicalPricingMode
DA:245,6
DA:248,2
FN:248,PredictionMarket._ensureCanonicalPriceFresh
FNDA:2,PredictionMarket._ensureCanonicalPriceFresh
DA:249,2
BRDA:249,10,0,1
DA:250,1
DA:254,1
FN:254,PredictionMarket._quoteCanonicalYesForNo
FNDA:1,PredictionMarket._quoteCanonicalYesForNo
DA:255,1
BRDA:255,11,0,-
DA:256,0
DA:259,1
DA:260,1
DA:261,1
DA:264,0
FN:264,PredictionMarket._quoteCanonicalNoForYes
FNDA:0,PredictionMarket._quoteCanonicalNoForYes
DA:265,0
BRDA:265,12,0,-
DA:266,0
DA:269,0
DA:270,0
DA:271,0
DA:284,26
FN:284,PredictionMarket.seedLiquidity
FNDA:26,PredictionMarket.seedLiquidity
DA:286,1
BRDA:286,13,0,1
DA:287,1
DA:289,25
BRDA:289,14,0,-
DA:290,0
DA:294,25
DA:295,25
BRDA:295,15,0,-
DA:296,0
DA:300,25
DA:301,25
DA:302,25
DA:305,25
DA:306,25
DA:309,25
DA:310,25
DA:312,25
DA:323,1
FN:323,PredictionMarket.addLiquidity
FNDA:1,PredictionMarket.addLiquidity
DA:331,1
BRDA:331,16,0,-
DA:332,0
DA:335,1
DA:336,1
DA:337,0
BRDA:337,17,0,-
DA:338,0
DA:342,1
DA:343,1
DA:344,1
BRDA:344,18,0,-
DA:345,0
DA:349,1
DA:350,1
DA:353,1
BRDA:353,19,0,-
DA:354,0
DA:358,1
DA:359,1
DA:362,1
DA:363,1
DA:366,1
DA:367,1
DA:369,1
DA:379,1
FN:379,PredictionMarket.removeLiquidity
FNDA:1,PredictionMarket.removeLiquidity
DA:386,1
DA:389,1
BRDA:389,20,0,-
DA:390,0
DA:392,1
BRDA:392,21,0,-
DA:393,0
DA:397,1
DA:398,1
DA:401,1
BRDA:401,22,0,-
DA:402,0
DA:406,1
DA:407,1
DA:410,1
DA:411,1
DA:414,1
DA:415,1
DA:417,1
DA:428,1
FN:428,PredictionMarket.removeLiquidityAndRedeemCollateral
FNDA:1,PredictionMarket.removeLiquidityAndRedeemCollateral
DA:435,1
DA:438,1
BRDA:438,23,0,-
DA:439,0
DA:441,1
BRDA:441,24,0,-
DA:442,0
DA:446,1
DA:447,1
DA:450,1
DA:451,1
DA:452,1
DA:453,1
DA:455,1
DA:458,1
DA:461,1
DA:466,1
BRDA:466,25,0,-
DA:467,0
DA:471,1
DA:474,1
DA:475,1
DA:478,1
DA:479,1
DA:481,1
BRDA:481,26,0,-
DA:482,0
DA:485,1
BRDA:485,27,0,-
DA:486,0
DA:490,1
DA:492,1
DA:506,1
FN:506,PredictionMarket.withdrawLiquidityCollateral
FNDA:1,PredictionMarket.withdrawLiquidityCollateral
DA:507,1
BRDA:507,28,0,-
DA:508,0
DA:511,1
DA:513,1
BRDA:513,29,0,-
DA:514,0
DA:517,1
DA:520,1
BRDA:520,30,0,-
DA:521,0
DA:523,1
BRDA:523,31,0,-
DA:524,0
DA:527,1
BRDA:527,32,0,1
DA:528,1
DA:529,1
DA:530,1
DA:532,1
DA:535,1
DA:538,1
DA:540,1
DA:543,1
BRDA:543,33,0,-
DA:544,0
DA:545,0
DA:546,0
DA:548,0
DA:551,0
DA:554,0
DA:556,0
DA:566,2
FN:566,PredictionMarket.transferShares
FNDA:2,PredictionMarket.transferShares
DA:568,2
BRDA:568,34,0,1
DA:569,1
DA:571,1
BRDA:571,35,0,-
DA:572,0
DA:576,1
DA:577,1
DA:579,1
DA:593,13
FN:593,PredictionMarket.mintCompleteSets
FNDA:13,PredictionMarket.mintCompleteSets
DA:594,11
BRDA:594,36,0,-
DA:595,0
DA:599,11
DA:600,11
BRDA:600,37,0,-
DA:601,0
DA:606,11
DA:607,11
BRDA:607,38,0,1
DA:608,1
DA:612,10
DA:613,10
DA:616,10
DA:617,10
DA:620,10
DA:623,10
DA:624,10
DA:626,10
DA:636,1
FN:636,PredictionMarket.redeemCompleteSets
FNDA:1,PredictionMarket.redeemCompleteSets
DA:637,1
BRDA:637,39,0,-
DA:638,0
DA:641,1
DA:642,1
DA:643,1
BRDA:643,40,0,-
DA:644,0
DA:648,1
DA:649,1
DA:652,1
DA:653,1
DA:656,1
DA:659,1
DA:661,1
DA:675,2
FN:675,PredictionMarket.swapYesForNo
FNDA:2,PredictionMarket.swapYesForNo
DA:683,2
BRDA:683,41,0,-
DA:684,0
DA:686,2
BRDA:686,42,0,1
DA:687,1
DA:690,1
DA:691,1
DA:692,1
DA:694,1
BRDA:694,43,0,-
BRDA:694,43,1,-
DA:695,0
DA:696,0
DA:697,0
BRDA:697,44,0,-
DA:698,0
DA:701,0
DA:702,0
DA:705,1
DA:711,1
BRDA:711,45,0,-
DA:712,0
DA:716,1
DA:717,1
DA:720,1
DA:721,1
DA:723,1
DA:733,2
FN:733,PredictionMarket.swapNoForYes
FNDA:2,PredictionMarket.swapNoForYes
DA:741,2
BRDA:741,46,0,-
DA:742,0
DA:744,2
BRDA:744,47,0,1
DA:745,1
DA:748,1
DA:749,1
DA:750,1
DA:752,1
BRDA:752,48,0,-
BRDA:752,48,1,-
DA:753,0
DA:754,0
DA:755,0
BRDA:755,49,0,-
DA:756,0
DA:759,0
DA:760,0
DA:763,1
DA:769,1
BRDA:769,50,0,-
DA:770,0
DA:774,1
DA:775,1
DA:778,1
DA:779,1
DA:781,1
DA:794,10
FN:794,PredictionMarket.resolve
FNDA:10,PredictionMarket.resolve
DA:795,10
DA:796,10
BRDA:796,51,0,1
DA:797,1
DA:800,9
BRDA:800,52,0,1
DA:801,1
DA:804,8
BRDA:804,53,0,1
DA:805,1
DA:808,7
BRDA:808,54,0,3
DA:809,3
DA:810,3
DA:811,3
DA:812,3
DA:814,3
DA:815,3
DA:818,4
DA:819,4
DA:821,4
DA:822,4
DA:824,4
DA:835,1
FN:835,PredictionMarket.redeem
FNDA:1,PredictionMarket.redeem
DA:836,1
BRDA:836,55,0,-
DA:837,0
DA:841,1
DA:842,1
DA:845,1
DA:848,1
BRDA:848,56,0,1
BRDA:848,56,1,-
DA:849,1
DA:850,1
DA:851,0
BRDA:851,57,0,-
DA:852,0
DA:853,0
DA:856,1
DA:870,2
FN:870,PredictionMarket.manualResolveMarket
FNDA:2,PredictionMarket.manualResolveMarket
DA:871,2
BRDA:871,58,0,-
DA:872,0
DA:875,2
BRDA:875,59,0,-
DA:876,0
DA:879,2
BRDA:879,60,0,-
DA:880,0
DA:883,2
BRDA:883,61,0,1
DA:884,1
DA:887,1
DA:888,1
DA:890,1
DA:891,1
DA:893,1
DA:897,3
FN:897,PredictionMarket.setCrossChainController
FNDA:3,PredictionMarket.setCrossChainController
DA:898,3
DA:902,2
FN:902,PredictionMarket.resolveFromHub
FNDA:2,PredictionMarket.resolveFromHub
DA:903,1
BRDA:903,62,0,-
DA:904,0
DA:906,1
BRDA:906,63,0,-
DA:907,0
DA:909,1
BRDA:909,64,0,-
DA:910,0
DA:913,1
DA:914,1
DA:915,1
DA:916,1
DA:917,1
DA:919,1
DA:923,4
FN:923,PredictionMarket.syncCanonicalPriceFromHub
FNDA:4,PredictionMarket.syncCanonicalPriceFromHub
DA:927,4
BRDA:927,65,0,1
DA:928,1
DA:930,3
BRDA:930,66,0,1
DA:931,1
DA:934,2
DA:935,2
DA:936,2
DA:937,2
DA:944,0
FN:944,PredictionMarket._processReport
FNDA:0,PredictionMarket._processReport
DA:955,0
FN:955,PredictionMarket.checkResultionTime
FNDA:0,PredictionMarket.checkResultionTime
DA:956,0
DA:957,0
DA:971,3
FN:971,PredictionMarket.getYesForNoQuote
FNDA:3,PredictionMarket.getYesForNoQuote
DA:977,3
BRDA:977,67,0,-
DA:978,0
DA:980,3
BRDA:980,68,0,-
DA:981,0
DA:984,3
BRDA:984,69,0,2
DA:985,2
DA:986,1
DA:987,1
DA:990,1
DA:1001,1
FN:1001,PredictionMarket.getNoForYesQuote
FNDA:1,PredictionMarket.getNoForYesQuote
DA:1002,1
BRDA:1002,70,0,-
DA:1003,0
DA:1006,1
BRDA:1006,71,0,-
DA:1007,0
DA:1008,0
DA:1009,0
DA:1012,1
DA:1021,0
FN:1021,PredictionMarket.getYesPriceProbability
FNDA:0,PredictionMarket.getYesPriceProbability
DA:1022,0
BRDA:1022,72,0,-
DA:1023,0
DA:1026,0
BRDA:1026,73,0,-
DA:1027,0
DA:1028,0
DA:1031,0
DA:1039,0
FN:1039,PredictionMarket.getNoPriceProbability
FNDA:0,PredictionMarket.getNoPriceProbability
DA:1040,0
BRDA:1040,74,0,-
DA:1041,0
DA:1044,0
BRDA:1044,75,0,-
DA:1045,0
DA:1046,0
DA:1049,0
DA:1060,1
FN:1060,PredictionMarket.pause
FNDA:1,PredictionMarket.pause
DA:1061,1
DA:1068,1
FN:1068,PredictionMarket.unpause
FNDA:1,PredictionMarket.unpause
DA:1069,1
DA:1083,1
FN:1083,PredictionMarket.withdrawProtocolFees
FNDA:1,PredictionMarket.withdrawProtocolFees
DA:1084,1
BRDA:1084,76,0,-
DA:1085,0
DA:1088,1
DA:1090,1
BRDA:1090,77,0,-
DA:1091,0
DA:1094,1
BRDA:1094,78,0,-
DA:1095,0
DA:1098,1
DA:1099,1
FNF:35
FNH:30
LF:367
LH:271
BRF:82
BRH:20
end_of_record
TN:
SF:src/libraries/AMMLib.sol
DA:33,4
FN:33,AMMLib.getAmountOut
FNDA:4,AMMLib.getAmountOut
DA:39,4
DA:42,4
DA:43,4
DA:46,4
DA:49,4
DA:50,4
DA:53,4
DA:69,0
FN:69,AMMLib.getYesProbability
FNDA:0,AMMLib.getYesProbability
DA:74,0
DA:75,0
DA:87,0
FN:87,AMMLib.getNoProbability
FNDA:0,AMMLib.getNoProbability
DA:92,0
DA:93,0
DA:113,1
FN:113,AMMLib.calculateShares
FNDA:1,AMMLib.calculateShares
DA:120,1
DA:121,1
DA:122,1
DA:125,1
DA:126,1
DA:136,5
FN:136,AMMLib.calculateProportionalOutput
FNDA:5,AMMLib.calculateProportionalOutput
DA:141,5
FNF:5
FNH:3
LF:22
LH:16
BRF:0
BRH:0
end_of_record
TN:
SF:src/libraries/FeeLib.sol
DA:19,0
FN:19,FeeLib.calculateFee
FNDA:0,FeeLib.calculateFee
DA:20,0
DA:33,13
FN:33,FeeLib.deductFee
FNDA:13,FeeLib.deductFee
DA:38,13
DA:39,13
FNF:2
FNH:1
LF:5
LH:3
BRF:0
BRH:0
end_of_record
TN:
SF:test/unit/MarketFactory.t.sol
DA:20,0
FN:20,MockRouter.setFee
FNDA:0,MockRouter.setFee
DA:21,0
DA:24,0
FN:24,MockRouter.getFee
FNDA:0,MockRouter.getFee
DA:25,0
DA:28,0
FN:28,MockRouter.ccipSend
FNDA:0,MockRouter.ccipSend
DA:33,0
DA:34,0
DA:35,0
DA:36,0
FNF:3
FNH:0
LF:9
LH:0
BRF:0
BRH:0
end_of_record
TN:
SF:test/unit/PredictionMarket.t.sol
DA:13,8
FN:13,MockMarketFactory.removeResolvedMarket
FNDA:8,MockMarketFactory.removeResolvedMarket
DA:14,8
DA:15,8
FNF:1
FNH:1
LF:3
LH:3
BRF:0
BRH:0
end_of_record
