TN:
SF:script/bridge.s.sol
DA:19,0
FN:19,BridgeToken.run
FNDA:0,BridgeToken.run
DA:20,0
DA:21,0
DA:22,0
DA:24,0
DA:27,0
FNF:1
FNH:0
LF:6
LH:0
BRF:0
BRH:0
end_of_record
TN:
SF:script/deployBridge.sol
DA:35,0
FN:35,BridgeToken.run
FNDA:0,BridgeToken.run
DA:36,0
DA:37,0
DA:38,0
DA:39,0
DA:40,0
DA:41,0
DA:42,0
DA:43,0
DA:44,0
DA:52,0
FNF:1
FNH:0
LF:11
LH:0
BRF:0
BRH:0
end_of_record
TN:
SF:script/deployMacketFactoryForTest.s.sol
DA:26,0
FN:26,DeployMarketFactory.run.0
FNDA:0,DeployMarketFactory.run.0
DA:28,0
DA:31,0
DA:33,0
DA:36,0
DA:39,0
DA:42,0
DA:45,0
DA:46,0
DA:50,0
DA:53,0
DA:58,0
DA:59,0
DA:62,0
DA:63,0
DA:64,0
DA:65,0
DA:68,0
DA:71,0
DA:72,0
DA:73,0
DA:74,0
DA:76,0
DA:79,0
DA:80,0
DA:83,0
DA:84,0
DA:85,0
DA:86,0
DA:87,0
DA:90,0
DA:91,0
DA:92,0
DA:93,0
DA:94,0
DA:95,0
DA:104,0
FN:104,BaseDeployMarketFactory.run.1
FNDA:0,BaseDeployMarketFactory.run.1
DA:106,0
DA:109,0
DA:111,0
DA:114,0
DA:117,0
DA:120,0
DA:123,0
DA:124,0
DA:128,0
DA:131,0
DA:136,0
DA:137,0
DA:140,0
DA:141,0
DA:142,0
DA:143,0
DA:146,0
DA:149,0
DA:150,0
DA:151,0
DA:152,0
DA:154,0
DA:157,0
DA:158,0
DA:161,0
DA:162,0
DA:163,0
DA:164,0
DA:165,0
DA:168,0
DA:169,0
DA:170,0
DA:171,0
DA:172,0
DA:173,0
DA:185,0
FN:185,DeployRouter.run.2
FNDA:0,DeployRouter.run.2
DA:186,0
DA:187,0
DA:188,0
DA:191,0
DA:192,0
DA:193,0
DA:195,0
FNF:3
FNH:0
LF:80
LH:0
BRF:0
BRH:0
end_of_record
TN:
SF:script/deployMarketFactory.s.sol
DA:22,62
FN:22,DeployMarketFactory.run
FNDA:62,DeployMarketFactory.run
DA:23,62
DA:26,62
DA:30,62
DA:34,62
DA:37,62
DA:40,62
DA:43,62
DA:46,62
DA:47,62
DA:53,62
DA:56,62
DA:61,62
DA:62,62
DA:65,62
DA:68,62
DA:69,62
DA:70,62
DA:73,62
DA:74,62
DA:75,62
DA:76,62
DA:77,62
FNF:1
FNH:1
LF:23
LH:23
BRF:0
BRH:0
end_of_record
TN:
SF:script/deployRouterVault.s.sol
DA:16,0
FN:16,DeployRouter.run
FNDA:0,DeployRouter.run
DA:17,0
DA:18,0
DA:19,0
DA:20,0
DA:21,0
DA:22,0
DA:23,0
DA:24,0
DA:26,0
FNF:1
FNH:0
LF:10
LH:0
BRF:0
BRH:0
end_of_record
TN:
SF:script/interaction/buyIfPriceDiff.s.sol
DA:12,0
FN:12,BuyIfPriceDiff.run
FNDA:0,BuyIfPriceDiff.run
DA:13,0
DA:14,0
DA:16,0
DA:17,0
DA:18,0
BRDA:18,0,0,-
BRDA:18,0,1,-
DA:20,0
DA:27,0
DA:29,0
DA:30,0
DA:31,0
DA:32,0
DA:33,0
DA:34,0
DA:35,0
DA:38,0
BRDA:38,1,0,-
DA:39,0
DA:40,0
DA:43,0
FNF:1
FNH:0
LF:19
LH:0
BRF:3
BRH:0
end_of_record
TN:
SF:script/interaction/buyShareToMovePrice.s.sol
DA:18,0
FN:18,BuyShareToMovePrice.run
FNDA:0,BuyShareToMovePrice.run
DA:20,0
DA:21,0
DA:22,0
DA:23,0
DA:26,0
DA:27,0
DA:29,0
DA:36,0
DA:39,0
DA:59,0
DA:62,0
DA:63,0
DA:67,0
FN:67,BuyShareToMovePrice._logMarketState
FNDA:0,BuyShareToMovePrice._logMarketState
DA:68,0
DA:69,0
DA:70,0
DA:71,0
FNF:2
FNH:0
LF:18
LH:0
BRF:0
BRH:0
end_of_record
TN:
SF:script/interaction/interactEvent.s.sol
DA:17,0
FN:17,InteractWithEvent.run
FNDA:0,InteractWithEvent.run
DA:18,0
DA:20,0
DA:31,0
DA:32,0
DA:34,0
FNF:1
FNH:0
LF:6
LH:0
BRF:0
BRH:0
end_of_record
TN:
SF:script/interaction/marketConfig.s.sol
DA:14,0
FN:14,SetCCIPconfig.run.0
FNDA:0,SetCCIPconfig.run.0
DA:17,0
DA:18,0
DA:20,0
DA:39,0
FN:39,SetRemoteChainSelector.run.1
FNDA:0,SetRemoteChainSelector.run.1
DA:42,0
DA:44,0
DA:45,0
DA:46,0
FNF:2
FNH:0
LF:9
LH:0
BRF:0
BRH:0
end_of_record
TN:
SF:script/interaction/router.sol
DA:22,0
FN:22,Router.run
FNDA:0,Router.run
DA:23,0
DA:24,0
DA:25,0
DA:26,0
DA:28,0
DA:29,0
DA:34,0
DA:35,0
DA:36,0
FNF:1
FNH:0
LF:10
LH:0
BRF:0
BRH:0
end_of_record
TN:
SF:script/interfaces/ReceiverTemplate.sol
DA:43,0
FN:43,ReceiverTemplate.constructor
FNDA:0,ReceiverTemplate.constructor
DA:44,0
BRDA:44,0,0,-
DA:45,0
DA:47,0
DA:48,0
DA:53,0
FN:53,ReceiverTemplate.getForwarderAddress
FNDA:0,ReceiverTemplate.getForwarderAddress
DA:54,0
DA:59,0
FN:59,ReceiverTemplate.getExpectedAuthor
FNDA:0,ReceiverTemplate.getExpectedAuthor
DA:60,0
DA:65,0
FN:65,ReceiverTemplate.getExpectedWorkflowName
FNDA:0,ReceiverTemplate.getExpectedWorkflowName
DA:66,0
DA:71,0
FN:71,ReceiverTemplate.getExpectedWorkflowId
FNDA:0,ReceiverTemplate.getExpectedWorkflowId
DA:72,0
DA:77,0
FN:77,ReceiverTemplate.onReport
FNDA:0,ReceiverTemplate.onReport
DA:79,0
BRDA:79,1,0,-
DA:80,0
DA:85,0
DA:86,0
BRDA:86,2,0,-
DA:87,0
DA:89,0
BRDA:89,3,0,-
DA:90,0
DA:92,0
BRDA:92,4,0,-
DA:93,0
DA:105,0
BRDA:105,5,0,-
DA:107,0
BRDA:107,6,0,-
DA:108,0
DA:111,0
BRDA:111,7,0,-
DA:112,0
DA:117,0
DA:125,0
FN:125,ReceiverTemplate.setForwarderAddress
FNDA:0,ReceiverTemplate.setForwarderAddress
DA:126,0
DA:129,0
BRDA:129,8,0,-
DA:130,0
DA:133,0
DA:134,0
DA:139,0
FN:139,ReceiverTemplate.setExpectedAuthor
FNDA:0,ReceiverTemplate.setExpectedAuthor
DA:140,0
DA:141,0
DA:142,0
DA:153,0
FN:153,ReceiverTemplate.setExpectedWorkflowName
FNDA:0,ReceiverTemplate.setExpectedWorkflowName
DA:154,0
DA:156,0
BRDA:156,9,0,-
DA:157,0
DA:158,0
DA:159,0
DA:164,0
DA:165,0
DA:166,0
DA:167,0
DA:168,0
DA:170,0
DA:171,0
DA:176,0
FN:176,ReceiverTemplate.setExpectedWorkflowId
FNDA:0,ReceiverTemplate.setExpectedWorkflowId
DA:177,0
DA:178,0
DA:179,0
DA:185,0
FN:185,ReceiverTemplate._bytesToHexString
FNDA:0,ReceiverTemplate._bytesToHexString
DA:186,0
DA:188,0
DA:189,0
DA:190,0
DA:193,0
DA:201,0
FN:201,ReceiverTemplate._decodeMetadata
FNDA:0,ReceiverTemplate._decodeMetadata
DA:212,0
DA:213,0
DA:214,0
DA:216,0
DA:225,0
FN:225,ReceiverTemplate.supportsInterface
FNDA:0,ReceiverTemplate.supportsInterface
DA:226,0
FNF:13
FNH:0
LF:69
LH:0
BRF:10
BRH:0
end_of_record
TN:
SF:script/interfaces/ReceiverTemplateUpgradeable.sol
DA:39,393
FN:39,ReceiverTemplateUpgradeable.__ReceiverTemplateUpgradeable_init
FNDA:393,ReceiverTemplateUpgradeable.__ReceiverTemplateUpgradeable_init
DA:43,393
DA:44,393
BRDA:44,0,0,-
DA:45,393
DA:46,393
DA:49,1
FN:49,ReceiverTemplateUpgradeable.getForwarderAddress
FNDA:1,ReceiverTemplateUpgradeable.getForwarderAddress
DA:50,1
DA:53,134
FN:53,ReceiverTemplateUpgradeable._getForwarderAddress
FNDA:134,ReceiverTemplateUpgradeable._getForwarderAddress
DA:54,134
DA:57,0
FN:57,ReceiverTemplateUpgradeable.getExpectedAuthor
FNDA:0,ReceiverTemplateUpgradeable.getExpectedAuthor
DA:58,0
DA:61,0
FN:61,ReceiverTemplateUpgradeable.getExpectedWorkflowName
FNDA:0,ReceiverTemplateUpgradeable.getExpectedWorkflowName
DA:62,0
DA:65,0
FN:65,ReceiverTemplateUpgradeable.getExpectedWorkflowId
FNDA:0,ReceiverTemplateUpgradeable.getExpectedWorkflowId
DA:66,0
DA:69,56
FN:69,ReceiverTemplateUpgradeable.onReport
FNDA:56,ReceiverTemplateUpgradeable.onReport
DA:70,56
BRDA:70,1,0,-
DA:71,0
DA:75,56
DA:76,0
BRDA:76,2,0,-
DA:77,0
DA:79,0
BRDA:79,3,0,-
DA:80,0
DA:82,0
BRDA:82,4,0,-
DA:83,0
DA:85,0
BRDA:85,5,0,-
DA:86,0
BRDA:86,6,0,-
DA:87,0
DA:89,0
BRDA:89,7,0,-
DA:90,0
DA:95,56
DA:98,0
FN:98,ReceiverTemplateUpgradeable.setForwarderAddress
FNDA:0,ReceiverTemplateUpgradeable.setForwarderAddress
DA:99,0
DA:101,0
BRDA:101,8,0,-
DA:102,0
DA:105,0
DA:106,0
DA:109,0
FN:109,ReceiverTemplateUpgradeable.setExpectedAuthor
FNDA:0,ReceiverTemplateUpgradeable.setExpectedAuthor
DA:110,0
DA:111,0
DA:112,0
DA:115,0
FN:115,ReceiverTemplateUpgradeable.setExpectedWorkflowName
FNDA:0,ReceiverTemplateUpgradeable.setExpectedWorkflowName
DA:116,0
DA:118,0
BRDA:118,9,0,-
DA:119,0
DA:120,0
DA:121,0
DA:124,0
DA:125,0
DA:126,0
DA:127,0
DA:128,0
DA:130,0
DA:131,0
DA:134,0
FN:134,ReceiverTemplateUpgradeable.setExpectedWorkflowId
FNDA:0,ReceiverTemplateUpgradeable.setExpectedWorkflowId
DA:135,0
DA:136,0
DA:137,0
DA:140,0
FN:140,ReceiverTemplateUpgradeable._bytesToHexString
FNDA:0,ReceiverTemplateUpgradeable._bytesToHexString
DA:141,0
DA:143,0
DA:144,0
DA:145,0
DA:148,0
DA:151,0
FN:151,ReceiverTemplateUpgradeable._decodeMetadata
FNDA:0,ReceiverTemplateUpgradeable._decodeMetadata
DA:157,0
DA:158,0
DA:159,0
DA:161,0
DA:166,1
FN:166,ReceiverTemplateUpgradeable.supportsInterface
FNDA:1,ReceiverTemplateUpgradeable.supportsInterface
DA:167,1
FNF:14
FNH:5
LF:71
LH:15
BRF:10
BRH:0
end_of_record
TN:
SF:script/upgradeMarketFactory.s.sol
DA:17,0
FN:17,UpgradeMarketFactory.run
FNDA:0,UpgradeMarketFactory.run
DA:19,0
DA:20,0
DA:21,0
DA:23,0
DA:25,0
DA:26,0
DA:28,0
DA:30,0
DA:32,0
DA:33,0
FNF:1
FNH:0
LF:11
LH:0
BRF:0
BRH:0
end_of_record
TN:
SF:src/Bridge/BridgeWrappedClaimToken.sol
DA:17,5
FN:17,CcipWrappedClaimToken.constructor
FNDA:5,CcipWrappedClaimToken.constructor
DA:18,5
BRDA:18,0,0,-
DA:22,0
FN:22,CcipWrappedClaimToken.decimals
FNDA:0,CcipWrappedClaimToken.decimals
DA:23,0
DA:28,6
FN:28,CcipWrappedClaimToken.mint
FNDA:6,CcipWrappedClaimToken.mint
DA:29,6
DA:34,2
FN:34,CcipWrappedClaimToken.burn
FNDA:2,CcipWrappedClaimToken.burn
DA:35,2
FNF:4
FNH:3
LF:8
LH:6
BRF:1
BRH:0
end_of_record
TN:
SF:src/Bridge/PredictionMarketBridge.sol
DA:169,43
FN:169,PredictionMarketBridge.constructor
FNDA:43,PredictionMarketBridge.constructor
DA:170,42
BRDA:170,0,0,1
DA:171,41
DA:172,41
DA:173,41
DA:178,42
FN:178,PredictionMarketBridge.setCcipConfig
FNDA:42,PredictionMarketBridge.setCcipConfig
DA:179,42
BRDA:179,1,0,2
DA:180,40
DA:181,40
DA:182,40
DA:187,41
FN:187,PredictionMarketBridge.setSupportedChainSelector
FNDA:41,PredictionMarketBridge.setSupportedChainSelector
DA:188,41
BRDA:188,2,0,1
DA:189,40
DA:190,40
DA:195,42
FN:195,PredictionMarketBridge.setTrustedRemote
FNDA:42,PredictionMarketBridge.setTrustedRemote
DA:196,42
BRDA:196,3,0,1
DA:197,1
DA:199,41
BRDA:199,4,0,1
DA:200,40
DA:201,40
DA:206,2
FN:206,PredictionMarketBridge.removeTrustedRemote
FNDA:2,PredictionMarketBridge.removeTrustedRemote
DA:207,2
BRDA:207,5,0,1
DA:208,1
DA:211,1
DA:216,2
FN:216,PredictionMarketBridge.setMarketFactory
FNDA:2,PredictionMarketBridge.setMarketFactory
DA:217,2
BRDA:217,6,0,1
DA:218,1
DA:219,1
DA:225,42
FN:225,PredictionMarketBridge.setMarketIdMapping
FNDA:42,PredictionMarketBridge.setMarketIdMapping
DA:226,42
BRDA:226,7,0,1
DA:227,1
DA:229,41
BRDA:229,8,0,-
DA:230,41
DA:231,41
DA:236,1
FN:236,PredictionMarketBridge.setWrappedClaimBuybackBps
FNDA:1,PredictionMarketBridge.setWrappedClaimBuybackBps
DA:237,1
BRDA:237,9,0,1
DA:238,0
DA:239,0
DA:244,2
FN:244,PredictionMarketBridge.setBuybackUnlockReceiver
FNDA:2,PredictionMarketBridge.setBuybackUnlockReceiver
DA:245,2
BRDA:245,10,0,1
DA:246,1
DA:247,1
DA:252,3
FN:252,PredictionMarketBridge.depositCollateralLiquidity
FNDA:3,PredictionMarketBridge.depositCollateralLiquidity
DA:253,3
BRDA:253,11,0,1
DA:254,2
DA:255,2
DA:260,3
FN:260,PredictionMarketBridge.withdrawCollateralLiquidity
FNDA:3,PredictionMarketBridge.withdrawCollateralLiquidity
DA:261,3
BRDA:261,12,0,1
DA:262,2
BRDA:262,13,0,1
DA:263,1
DA:264,1
DA:275,8
FN:275,PredictionMarketBridge.lockAndBridgeClaim
FNDA:8,PredictionMarketBridge.lockAndBridgeClaim
DA:282,8
BRDA:282,14,0,1
DA:283,7
BRDA:283,15,0,1
DA:285,6
DA:286,6
BRDA:286,16,0,1
DA:287,1
DA:290,5
DA:291,5
BRDA:291,17,0,1
DA:293,4
DA:294,4
DA:295,4
DA:297,2
DA:305,2
DA:309,4
DA:327,5
FN:327,PredictionMarketBridge.burnWrappedAndUnlockClaim
FNDA:5,PredictionMarketBridge.burnWrappedAndUnlockClaim
DA:334,5
BRDA:334,18,0,1
DA:335,4
BRDA:335,19,0,1
DA:336,3
BRDA:336,20,0,1
DA:338,2
DA:339,2
DA:340,2
BRDA:340,21,0,1
DA:342,1
DA:343,1
DA:344,1
DA:346,1
DA:354,1
DA:356,1
DA:374,6
FN:374,PredictionMarketBridge.sellWrappedClaimForCollateral
FNDA:6,PredictionMarketBridge.sellWrappedClaimForCollateral
DA:381,6
BRDA:381,22,0,1
DA:382,5
BRDA:382,23,0,-
DA:383,5
BRDA:383,24,0,1
DA:385,4
DA:386,4
DA:387,4
BRDA:387,25,0,1
DA:389,3
DA:390,3
BRDA:390,26,0,1
DA:391,2
BRDA:391,27,0,1
DA:392,1
DA:395,1
DA:396,1
DA:397,1
DA:399,1
DA:401,1
DA:408,1
DA:410,1
DA:411,1
DA:424,3
FN:424,PredictionMarketBridge.quoteBridgeFee
FNDA:3,PredictionMarketBridge.quoteBridgeFee
DA:429,3
BRDA:429,28,0,1
DA:430,2
DA:431,2
BRDA:431,29,0,1
DA:433,1
DA:434,1
DA:443,1
DA:452,14
FN:452,PredictionMarketBridge.ccipReceive
FNDA:14,PredictionMarketBridge.ccipReceive
DA:453,14
BRDA:453,30,0,1
DA:455,13
DA:456,13
BRDA:456,31,0,1
DA:457,12
BRDA:457,32,0,1
DA:459,1
BRDA:459,33,0,1
DA:460,10
DA:462,10
DA:464,10
BRDA:464,34,0,6
DA:465,6
DA:466,6
DA:469,4
BRDA:469,35,0,3
DA:470,3
DA:471,1
DA:474,1
DA:478,3
FN:478,PredictionMarketBridge.supportsInterface
FNDA:3,PredictionMarketBridge.supportsInterface
DA:479,3
DA:484,6
FN:484,PredictionMarketBridge._handleMintWrappedClaim
FNDA:6,PredictionMarketBridge._handleMintWrappedClaim
DA:485,6
DA:486,6
DA:487,6
DA:489,6
BRDA:489,36,0,5
DA:490,5
DA:491,5
DA:492,5
DA:495,6
DA:497,6
DA:509,3
FN:509,PredictionMarketBridge._handleUnlockUnderlyingClaim
FNDA:3,PredictionMarketBridge._handleUnlockUnderlyingClaim
DA:510,3
DA:511,3
DA:512,3
BRDA:512,37,0,1
DA:514,2
DA:515,2
DA:517,2
BRDA:517,38,0,1
DA:518,1
DA:521,1
DA:523,1
DA:535,6
FN:535,PredictionMarketBridge._getWinningClaimToken
FNDA:6,PredictionMarketBridge._getWinningClaimToken
DA:540,6
DA:541,6
BRDA:541,39,0,1
DA:542,1
DA:544,5
DA:545,1
BRDA:545,40,0,1
DA:546,1
DA:548,4
DA:553,4
FN:553,PredictionMarketBridge._sendCcipMessage
FNDA:4,PredictionMarketBridge._sendCcipMessage
DA:557,4
BRDA:557,41,0,-
DA:558,4
DA:559,4
BRDA:559,42,0,-
DA:561,4
DA:562,4
DA:572,4
DA:573,4
DA:574,4
DA:579,5
FN:579,PredictionMarketBridge._createWrappedClaimToken
FNDA:5,PredictionMarketBridge._createWrappedClaimToken
DA:583,5
DA:584,5
DA:587,5
DA:591,5
DA:592,5
DA:596,12
FN:596,PredictionMarketBridge._claimKey
FNDA:12,PredictionMarketBridge._claimKey
DA:597,12
DA:601,0
FN:601,PredictionMarketBridge.getBridgeUSDCBalance
FNDA:0,PredictionMarketBridge.getBridgeUSDCBalance
DA:602,0
DA:607,0
FN:607,PredictionMarketBridge.setCCIPgasLimit
FNDA:0,PredictionMarketBridge.setCCIPgasLimit
DA:609,0
BRDA:609,43,0,-
DA:610,0
DA:611,0
FNF:25
FNH:23
LF:172
LH:164
BRF:44
BRH:39
end_of_record
TN:
SF:src/ccip/Client.sol
DA:54,0
FN:54,Client._argsToBytes.0
FNDA:0,Client._argsToBytes.0
DA:55,0
DA:59,12
FN:59,Client._argsToBytes.1
FNDA:12,Client._argsToBytes.1
DA:60,12
DA:64,0
FN:64,Client._argsToBytes.2
FNDA:0,Client._argsToBytes.2
DA:65,0
FNF:3
FNH:1
LF:6
LH:2
BRF:0
BRH:0
end_of_record
TN:
SF:src/libraries/AMMLib.sol
DA:27,0
FN:27,AMMLib.getAmountOut
FNDA:0,AMMLib.getAmountOut
DA:32,0
DA:34,0
DA:35,0
DA:37,0
DA:39,0
DA:40,0
DA:42,0
DA:49,0
FN:49,AMMLib.getYesProbability
FNDA:0,AMMLib.getYesProbability
DA:54,0
DA:55,0
DA:62,0
FN:62,AMMLib.getNoProbability
FNDA:0,AMMLib.getNoProbability
DA:67,0
DA:68,0
DA:85,0
FN:85,AMMLib.calculateShares
FNDA:0,AMMLib.calculateShares
DA:92,0
DA:93,0
DA:94,0
DA:96,0
DA:97,0
DA:102,0
FN:102,AMMLib.calculateProportionalOutput
FNDA:0,AMMLib.calculateProportionalOutput
DA:107,0
FNF:5
FNH:0
LF:22
LH:0
BRF:0
BRH:0
end_of_record
TN:
SF:src/libraries/FeeLib.sol
DA:14,20
FN:14,FeeLib.calculateFee
FNDA:20,FeeLib.calculateFee
DA:15,20
DA:27,35
FN:27,FeeLib.deductFee
FNDA:35,FeeLib.deductFee
DA:32,35
DA:33,35
FNF:2
FNH:2
LF:5
LH:5
BRF:0
BRH:0
end_of_record
TN:
SF:src/libraries/LMSRLib.sol
DA:25,15
FN:25,LMSRLib.validatePriceSum
FNDA:15,LMSRLib.validatePriceSum
DA:26,15
DA:27,15
DA:36,14
FN:36,LMSRLib.validateTradeNonce
FNDA:14,LMSRLib.validateTradeNonce
DA:37,14
DA:46,343
FN:46,LMSRLib.maxSubsidyLoss
FNDA:343,LMSRLib.maxSubsidyLoss
DA:47,343
FNF:3
FNH:3
LF:7
LH:7
BRF:0
BRH:0
end_of_record
TN:
SF:src/marketFactory/MarketFactory.sol
DA:13,62
FN:13,MarketFactory.initialize
FNDA:62,MarketFactory.initialize
DA:17,62
FNF:1
FNH:1
LF:2
LH:2
BRF:0
BRH:0
end_of_record
TN:
SF:src/marketFactory/MarketFactoryBase.sol
DA:247,62
FN:247,MarketFactoryBase.constructor
FNDA:62,MarketFactoryBase.constructor
DA:248,0
DA:255,62
FN:255,MarketFactoryBase.initialize
FNDA:62,MarketFactoryBase.initialize
DA:262,62
DA:263,62
DA:264,62
DA:265,62
DA:266,0
BRDA:266,0,0,-
DA:267,0
DA:270,62
DA:271,62
DA:272,62
DA:273,62
DA:276,62
DA:278,62
DA:279,62
DA:280,62
DA:281,62
DA:282,62
DA:285,62
DA:286,62
DA:291,2
FN:291,MarketFactoryBase.setMarketDeployer
FNDA:2,MarketFactoryBase.setMarketDeployer
DA:292,2
BRDA:292,1,0,1
DA:293,1
DA:298,2
FN:298,MarketFactoryBase.setNewMarketDeployerImplemntation
FNDA:2,MarketFactoryBase.setNewMarketDeployerImplemntation
DA:301,2
DA:302,1
BRDA:302,2,0,1
DA:303,1
DA:306,1
DA:311,1
FN:311,MarketFactoryBase._authorizeUpgrade
FNDA:1,MarketFactoryBase._authorizeUpgrade
DA:314,1
BRDA:314,3,0,1
DA:315,1
DA:322,72
FN:322,MarketFactoryBase.addLiquidityToFactory
FNDA:72,MarketFactoryBase.addLiquidityToFactory
DA:323,0
DA:328,1
FN:328,MarketFactoryBase.mintCollateralTo
FNDA:1,MarketFactoryBase.mintCollateralTo
DA:329,1
DA:333,73
FN:333,MarketFactoryBase._addLiquidityToFactory
FNDA:73,MarketFactoryBase._addLiquidityToFactory
DA:334,73
DA:338,75
FN:338,MarketFactoryBase._mintCollateralTo
FNDA:75,MarketFactoryBase._mintCollateralTo
DA:339,75
BRDA:339,4,0,-
DA:340,75
BRDA:340,5,0,-
DA:341,75
DA:342,75
DA:343,75
DA:348,137
FN:348,MarketFactoryBase.createMarket
FNDA:137,MarketFactoryBase.createMarket
DA:354,137
DA:355,137
DA:375,138
FN:375,MarketFactoryBase._createMarket
FNDA:138,MarketFactoryBase._createMarket
DA:382,138
DA:383,2
BRDA:383,6,0,2
DA:384,2
DA:387,136
BRDA:387,7,0,1
DA:388,1
DA:391,135
BRDA:391,8,0,1
DA:392,134
BRDA:392,9,0,-
DA:393,0
DA:396,134
DA:408,134
DA:410,134
DA:411,134
DA:413,134
DA:414,134
DA:415,134
DA:416,134
DA:418,134
DA:419,134
DA:420,134
DA:421,134
DA:422,134
DA:424,134
BRDA:424,10,0,134
DA:425,134
DA:433,134
BRDA:433,11,0,1
DA:434,1
DA:437,134
BRDA:437,12,0,2
DA:438,2
DA:440,2
DA:441,2
DA:443,134
DA:444,134
DA:446,134
DA:448,0
FNF:11
FNH:11
LF:81
LH:75
BRF:13
BRH:9
end_of_record
TN:
SF:src/marketFactory/MarketFactoryCcip.sol
DA:26,24
FN:26,MarketFactoryCcip.setCcipConfig
FNDA:24,MarketFactoryCcip.setCcipConfig
DA:27,24
BRDA:27,0,0,2
DA:28,22
DA:29,22
DA:30,22
DA:31,22
DA:36,3
FN:36,MarketFactoryCcip.setSupportedChainSelector
FNDA:3,MarketFactoryCcip.setSupportedChainSelector
DA:37,3
BRDA:37,1,0,1
DA:38,2
DA:39,2
DA:43,1
FN:43,MarketFactoryCcip.isSupportedChainSelector
FNDA:1,MarketFactoryCcip.isSupportedChainSelector
DA:44,1
DA:51,26
FN:51,MarketFactoryCcip.setTrustedRemote
FNDA:26,MarketFactoryCcip.setTrustedRemote
DA:52,26
BRDA:52,2,0,1
DA:53,25
BRDA:53,3,0,1
DA:55,24
BRDA:55,4,0,1
DA:56,1
DA:59,23
DA:60,23
BRDA:60,5,0,22
DA:61,22
DA:62,22
DA:65,23
DA:71,4
FN:71,MarketFactoryCcip.removeTrustedRemote
FNDA:4,MarketFactoryCcip.removeTrustedRemote
DA:72,4
BRDA:72,6,0,1
DA:73,3
BRDA:73,7,0,2
DA:74,2
DA:79,1
BRDA:79,8,0,1
DA:80,1
DA:81,1
DA:82,1
DA:84,1
DA:85,1
BRDA:85,9,0,1
DA:86,1
DA:87,1
DA:88,0
DA:93,1
DA:98,3
FN:98,MarketFactoryCcip.getSpokeSelectors
FNDA:3,MarketFactoryCcip.getSpokeSelectors
DA:99,3
DA:105,4
FN:105,MarketFactoryCcip.broadcastCanonicalPrice
FNDA:4,MarketFactoryCcip.broadcastCanonicalPrice
DA:109,4
DA:115,5
FN:115,MarketFactoryCcip._broadcastCanonicalPrice
FNDA:5,MarketFactoryCcip._broadcastCanonicalPrice
DA:118,5
BRDA:118,10,0,1
DA:119,4
BRDA:119,11,0,1
DA:120,3
BRDA:120,12,0,-
DA:121,3
BRDA:121,13,0,-
DA:123,3
DA:130,3
DA:132,3
DA:133,3
DA:134,3
DA:135,3
DA:141,2
FN:141,MarketFactoryCcip.broadcastResolution
FNDA:2,MarketFactoryCcip.broadcastResolution
DA:142,2
DA:147,3
FN:147,MarketFactoryCcip.onHubMarketResolved
FNDA:3,MarketFactoryCcip.onHubMarketResolved
DA:148,3
DA:149,3
BRDA:149,14,0,1
DA:150,2
DA:151,2
DA:156,5
FN:156,MarketFactoryCcip._broadcastResolution
FNDA:5,MarketFactoryCcip._broadcastResolution
DA:157,5
BRDA:157,15,0,-
DA:158,5
BRDA:158,16,0,-
DA:159,5
BRDA:159,17,0,-
DA:160,5
BRDA:160,18,0,-
DA:161,5
BRDA:161,19,0,1
DA:162,1
DA:165,4
DA:167,4
DA:169,4
DA:170,4
DA:171,4
DA:172,4
DA:178,7
FN:178,MarketFactoryCcip.setMarketIdMapping
FNDA:7,MarketFactoryCcip.setMarketIdMapping
DA:179,7
BRDA:179,20,0,1
DA:180,6
DA:181,6
DA:186,2
FN:186,MarketFactoryCcip.setPredictionMarketBridge
FNDA:2,MarketFactoryCcip.setPredictionMarketBridge
DA:187,2
BRDA:187,21,0,1
DA:188,1
DA:189,1
DA:194,3
FN:194,MarketFactoryCcip.setPredictionMarketRouter
FNDA:3,MarketFactoryCcip.setPredictionMarketRouter
DA:195,3
BRDA:195,22,0,1
DA:196,2
DA:197,2
DA:204,109
FN:204,MarketFactoryCcip.removeResolvedMarket
FNDA:109,MarketFactoryCcip.removeResolvedMarket
DA:205,109
DA:206,109
DA:208,109
BRDA:208,23,0,-
DA:209,109
BRDA:209,24,0,-
DA:210,109
BRDA:210,25,0,-
DA:212,109
BRDA:212,26,0,-
DA:213,0
DA:216,109
DA:217,109
DA:219,109
DA:220,109
DA:221,109
DA:224,109
DA:225,109
DA:230,4
FN:230,MarketFactoryCcip.markMarketForManualReview
FNDA:4,MarketFactoryCcip.markMarketForManualReview
DA:231,4
DA:232,4
DA:233,4
BRDA:233,27,0,-
DA:234,4
BRDA:234,28,0,1
DA:235,1
DA:237,1
BRDA:237,29,0,1
DA:239,2
DA:240,2
DA:241,2
DA:242,2
DA:247,110
FN:247,MarketFactoryCcip.removeManualReviewMarket
FNDA:110,MarketFactoryCcip.removeManualReviewMarket
DA:248,110
DA:249,110
DA:250,110
BRDA:250,30,0,-
DA:251,110
BRDA:251,31,0,1
DA:252,1
DA:254,109
BRDA:254,32,0,108
DA:256,1
DA:257,1
DA:259,1
DA:260,1
DA:261,1
DA:265,1
DA:275,12
FN:275,MarketFactoryCcip.ccipReceive
FNDA:12,MarketFactoryCcip.ccipReceive
DA:276,12
BRDA:276,33,0,1
DA:278,11
DA:279,11
BRDA:279,34,0,1
DA:280,10
BRDA:280,35,0,1
DA:282,1
BRDA:282,36,0,1
DA:283,8
DA:285,8
DA:287,8
BRDA:287,37,0,3
DA:288,3
DA:289,3
DA:290,3
BRDA:290,38,0,1
DA:291,2
DA:292,2
DA:293,2
DA:296,5
BRDA:296,39,0,4
DA:297,4
DA:298,4
DA:299,4
BRDA:299,40,0,-
DA:300,4
BRDA:300,41,0,1
DA:301,3
BRDA:301,42,0,1
DA:302,1
DA:305,2
DA:306,2
DA:307,2
DA:308,2
DA:309,2
DA:312,1
DA:318,4
FN:318,MarketFactoryCcip._syncSpokeCanonicalPrice
FNDA:4,MarketFactoryCcip._syncSpokeCanonicalPrice
DA:321,1
BRDA:321,43,0,1
DA:323,3
DA:324,3
BRDA:324,44,0,-
DA:326,3
DA:327,3
DA:328,3
DA:329,3
BRDA:329,45,0,-
DA:330,0
DA:333,3
DA:334,3
DA:335,3
DA:339,2
FN:339,MarketFactoryCcip.supportsInterface
FNDA:2,MarketFactoryCcip.supportsInterface
DA:340,2
DA:350,7
FN:350,MarketFactoryCcip._sendCcipMessage
FNDA:7,MarketFactoryCcip._sendCcipMessage
DA:354,7
DA:355,7
BRDA:355,46,0,-
DA:357,7
DA:358,7
DA:368,7
DA:369,7
DA:370,7
DA:375,113
FN:375,MarketFactoryCcip._enqueueWithdraw
FNDA:113,MarketFactoryCcip._enqueueWithdraw
DA:376,113
BRDA:376,47,0,1
DA:377,2
BRDA:377,48,0,2
DA:378,110
BRDA:378,49,0,-
DA:380,110
DA:381,110
DA:382,110
FNF:22
FNH:22
LF:179
LH:176
BRF:50
BRH:33
end_of_record
TN:
SF:src/marketFactory/MarketFactoryOperations.sol
DA:27,19
FN:27,MarketFactoryOperations._processReport
FNDA:19,MarketFactoryOperations._processReport
DA:28,19
DA:32,19
DA:36,19
BRDA:36,0,0,1
BRDA:36,0,1,1
DA:37,1
DA:42,1
DA:43,1
DA:49,18
BRDA:49,1,0,4
BRDA:49,1,1,1
DA:50,4
DA:55,4
DA:56,4
DA:62,14
BRDA:62,2,0,1
BRDA:62,2,1,1
DA:63,1
DA:66,1
DA:67,13
BRDA:67,3,0,1
BRDA:67,3,1,1
DA:68,1
DA:72,1
DA:74,1
DA:80,12
BRDA:80,4,0,5
BRDA:80,4,1,1
DA:81,5
DA:91,5
DA:105,5
DA:116,7
BRDA:116,5,0,2
BRDA:116,5,1,1
DA:117,2
DA:125,2
DA:129,2
DA:138,5
BRDA:138,6,0,-
BRDA:138,6,1,1
DA:139,0
DA:140,4
BRDA:140,7,0,1
BRDA:140,7,1,1
DA:141,1
DA:145,1
DA:146,3
BRDA:146,8,0,1
BRDA:146,8,1,1
DA:147,1
DA:148,0
DA:149,1
DA:150,2
BRDA:150,9,0,1
BRDA:150,9,1,1
DA:151,1
DA:152,1
DA:154,1
DA:161,1
FN:161,MarketFactoryOperations.getMarketFactoryCollateralBalance
FNDA:1,MarketFactoryOperations.getMarketFactoryCollateralBalance
DA:166,1
DA:170,5
FN:170,MarketFactoryOperations._arbitrateUnsafeMarket
FNDA:5,MarketFactoryOperations._arbitrateUnsafeMarket
DA:181,5
DA:182,1
BRDA:182,10,0,1
DA:183,4
DA:184,1
BRDA:184,11,0,1
DA:186,3
DA:187,3
DA:188,3
DA:189,1
BRDA:189,12,0,1
DA:190,2
DA:192,2
DA:193,2
DA:194,2
DA:195,2
DA:204,2
DA:205,1
BRDA:205,13,0,1
DA:206,1
DA:207,0
BRDA:207,14,0,-
DA:211,1
DA:212,1
DA:213,0
BRDA:213,15,0,-
DA:215,1
DA:216,1
DA:226,1
DA:227,1
DA:229,1
DA:230,1
DA:231,0
BRDA:231,16,0,-
DA:232,0
DA:235,1
DA:246,2
FN:246,MarketFactoryOperations._preCloseLmsrSell
FNDA:2,MarketFactoryOperations._preCloseLmsrSell
DA:255,2
BRDA:255,17,0,1
DA:256,1
DA:259,1
DA:260,1
BRDA:260,18,0,-
DA:261,0
DA:264,1
DA:265,1
DA:267,1
DA:268,1
DA:269,0
BRDA:269,19,0,-
DA:270,0
DA:273,1
DA:276,0
BRDA:276,20,0,-
DA:277,0
DA:280,1
DA:294,1
FN:294,MarketFactoryOperations._ensureAllowance
FNDA:1,MarketFactoryOperations._ensureAllowance
DA:299,1
DA:300,1
BRDA:300,21,0,1
DA:301,1
DA:308,1
FN:308,MarketFactoryOperations.withdrawMarketFactoryCollateralAndFee
FNDA:1,MarketFactoryOperations.withdrawMarketFactoryCollateralAndFee
DA:311,1
DA:316,0
FN:316,MarketFactoryOperations._withdrawCollateralFromEvents
FNDA:0,MarketFactoryOperations._withdrawCollateralFromEvents
DA:324,106
FN:324,MarketFactoryOperations._withdrawEventFeeWhenResolved
FNDA:106,MarketFactoryOperations._withdrawEventFeeWhenResolved
DA:325,106
DA:326,106
BRDA:326,22,0,2
DA:328,104
DA:333,108
FN:333,MarketFactoryOperations.enqueueWithdraw
FNDA:108,MarketFactoryOperations.enqueueWithdraw
DA:334,108
DA:342,4
FN:342,MarketFactoryOperations.processPendingWithdrawals
FNDA:4,MarketFactoryOperations.processPendingWithdrawals
DA:349,4
DA:360,5
FN:360,MarketFactoryOperations._processPendingWithdrawals
FNDA:5,MarketFactoryOperations._processPendingWithdrawals
DA:366,5
BRDA:366,23,0,1
DA:368,4
DA:369,4
DA:371,109
DA:372,105
DA:373,105
DA:374,105
DA:376,105
DA:377,105
DA:379,105
DA:380,105
BRDA:380,24,0,-
DA:381,0
DA:385,105
DA:387,1
BRDA:387,25,0,1
DA:388,1
DA:389,1
DA:390,1
DA:391,1
DA:396,104
DA:397,104
DA:398,104
DA:401,4
DA:402,0
DA:403,4
DA:408,5
FN:408,MarketFactoryOperations.getPendingWithdrawCount
FNDA:5,MarketFactoryOperations.getPendingWithdrawCount
DA:409,5
DA:414,3
FN:414,MarketFactoryOperations.getPendingWithdrawAt
FNDA:3,MarketFactoryOperations.getPendingWithdrawAt
DA:417,3
DA:418,3
DA:419,1
BRDA:419,26,0,1
DA:420,2
DA:427,4
FN:427,MarketFactoryOperations._compactPendingWithdrawQueue
FNDA:4,MarketFactoryOperations._compactPendingWithdrawQueue
DA:428,4
DA:429,4
DA:430,4
BRDA:430,27,0,2
DA:431,2
DA:434,2
DA:435,2
DA:436,2
DA:437,1
DA:441,2
DA:442,1
DA:444,2
DA:449,1
FN:449,MarketFactoryOperations.getActiveEventList
FNDA:1,MarketFactoryOperations.getActiveEventList
DA:450,1
DA:456,1
FN:456,MarketFactoryOperations.getManualReviewEventList
FNDA:1,MarketFactoryOperations.getManualReviewEventList
DA:461,1
FNF:16
FNH:15
LF:150
LH:136
BRF:38
BRH:30
end_of_record
TN:
SF:src/marketFactory/event-deployer/MarketDeployer.sol
DA:25,276
FN:25,MarketDeployer.onlyOnwer
FNDA:276,MarketDeployer.onlyOnwer
DA:26,276
BRDA:26,0,0,1
DA:32,200
FN:32,MarketDeployer.constructor
FNDA:200,MarketDeployer.constructor
DA:33,200
BRDA:33,1,0,2
DA:34,198
DA:35,198
DA:40,3
FN:40,MarketDeployer.setImplementation
FNDA:3,MarketDeployer.setImplementation
DA:41,3
BRDA:41,2,0,1
DA:42,2
DA:43,2
DA:48,64
FN:48,MarketDeployer.setNewOwner
FNDA:64,MarketDeployer.setNewOwner
DA:49,64
BRDA:49,3,0,1
DA:50,63
DA:51,63
DA:63,275
FN:63,MarketDeployer.deployPredictionMarket
FNDA:275,MarketDeployer.deployPredictionMarket
DA:70,275
DA:72,275
DA:76,272
DA:77,272
DA:78,272
DA:79,272
FNF:5
FNH:5
LF:21
LH:21
BRF:4
BRH:4
end_of_record
TN:
SF:src/modules/CanonicalPricingModule.sol
DA:63,4
FN:63,CanonicalPricingModule.swapControls
FNDA:4,CanonicalPricingModule.swapControls
DA:68,4
DA:69,4
DA:72,4
DA:74,4
BRDA:74,0,0,1
BRDA:74,0,1,-
DA:75,1
DA:76,3
BRDA:76,1,0,-
BRDA:76,1,1,-
DA:77,0
DA:78,3
BRDA:78,2,0,3
BRDA:78,2,1,-
DA:79,3
DA:81,0
DA:84,4
DA:85,4
DA:86,4
DA:88,4
BRDA:88,3,0,-
BRDA:88,3,1,-
DA:89,0
DA:90,0
DA:91,4
BRDA:91,4,0,3
BRDA:91,4,1,-
DA:92,3
DA:93,3
DA:97,3
DA:99,3
DA:100,3
DA:101,3
DA:102,1
BRDA:102,5,0,-
DA:103,0
DA:105,0
DA:109,0
DA:110,0
DA:124,6
FN:124,CanonicalPricingModule.deviationStatus
FNDA:6,CanonicalPricingModule.deviationStatus
DA:136,6
DA:137,6
DA:140,6
DA:142,6
BRDA:142,6,0,2
BRDA:142,6,1,1
DA:143,2
DA:144,4
BRDA:144,7,0,-
BRDA:144,7,1,1
DA:145,0
DA:146,4
BRDA:146,8,0,3
BRDA:146,8,1,1
DA:147,3
DA:149,1
DA:152,6
DA:153,6
DA:154,6
DA:155,6
DA:157,6
BRDA:157,9,0,-
BRDA:157,9,1,1
DA:158,0
DA:159,0
DA:160,6
BRDA:160,10,0,3
BRDA:160,10,1,1
DA:161,3
DA:162,3
DA:166,3
DA:167,3
DA:168,3
BRDA:168,11,0,1
DA:169,1
DA:172,1
DA:173,1
DA:174,1
DA:181,7
FN:181,CanonicalPricingModule._reducedMaxOutBps
FNDA:7,CanonicalPricingModule._reducedMaxOutBps
DA:185,7
DA:186,7
BRDA:186,12,0,-
DA:187,0
FNF:3
FNH:3
LF:61
LH:49
BRF:23
BRH:12
end_of_record
TN:
SF:src/predictionMarket/PredictionMarket.sol
DA:25,33
FN:25,PredictionMarket.mintCompleteSets
FNDA:33,PredictionMarket.mintCompleteSets
DA:26,33
DA:29,8
FN:29,PredictionMarket.redeemCompleteSets
FNDA:8,PredictionMarket.redeemCompleteSets
DA:30,8
DA:38,2
FN:38,PredictionMarket.setDeviationPolicy
FNDA:2,PredictionMarket.setDeviationPolicy
DA:47,2
DA:48,1
DA:49,1
DA:50,1
DA:51,1
DA:52,1
DA:53,1
DA:54,1
DA:55,1
DA:56,1
BRDA:56,0,0,1
DA:57,1
DA:60,1
DA:61,1
DA:62,1
DA:63,1
DA:64,1
DA:65,1
DA:67,1
DA:80,9
FN:80,PredictionMarket.getDeviationStatus
FNDA:9,PredictionMarket.getDeviationStatus
DA:92,9
BRDA:92,1,0,1
DA:93,1
DA:103,8
BRDA:103,2,0,1
DA:104,1
DA:106,7
BRDA:106,3,0,1
DA:107,1
DA:110,6
DA:112,6
DA:113,6
DA:126,6
DA:134,6
DA:140,4
FN:140,PredictionMarket.getYesPriceProbability
FNDA:4,PredictionMarket.getYesPriceProbability
DA:141,4
BRDA:141,4,0,1
DA:142,1
DA:147,3
DA:151,4
FN:151,PredictionMarket.getNoPriceProbability
FNDA:4,PredictionMarket.getNoPriceProbability
DA:152,4
BRDA:152,5,0,1
DA:153,1
DA:158,3
DA:162,0
FN:162,PredictionMarket.pause
FNDA:2,PredictionMarket.pause
DA:165,0
FN:165,PredictionMarket.unpause
FNDA:2,PredictionMarket.unpause
DA:169,110
FN:169,PredictionMarket.withdrawProtocolFees
FNDA:110,PredictionMarket.withdrawProtocolFees
DA:170,110
BRDA:170,6,0,1
DA:171,1
DA:173,109
BRDA:173,7,0,1
DA:174,1
DA:176,108
BRDA:176,8,0,105
DA:178,3
DA:180,3
BRDA:180,9,0,2
DA:181,2
DA:184,1
DA:185,1
DA:186,1
DA:188,1
FNF:9
FNH:9
LF:58
LH:56
BRF:10
BRH:10
end_of_record
TN:
SF:src/predictionMarket/PredictionMarketBase.sol
DA:207,200
FN:207,PredictionMarketBase.constructor
FNDA:200,PredictionMarketBase.constructor
DA:208,0
DA:219,275
FN:219,PredictionMarketBase.initialize
FNDA:275,PredictionMarketBase.initialize
DA:228,0
DA:229,275
DA:232,275
DA:233,274
DA:234,274
DA:235,274
DA:236,273
DA:237,2
BRDA:237,0,0,2
DA:238,2
DA:241,273
BRDA:241,1,0,1
DA:242,1
DA:244,272
BRDA:244,2,0,-
DA:245,0
DA:248,272
DA:249,272
DA:250,272
DA:251,272
DA:252,272
DA:254,272
DA:255,272
DA:256,272
DA:257,272
DA:258,272
DA:259,272
DA:260,272
DA:263,272
DA:264,272
DA:266,272
DA:271,274
FN:271,PredictionMarketBase.setOutcomeTokens
FNDA:274,PredictionMarketBase.setOutcomeTokens
DA:275,274
BRDA:275,3,0,1
DA:276,1
DA:278,273
DA:279,1
BRDA:279,4,0,1
DA:280,272
BRDA:280,5,0,-
DA:281,0
DA:284,272
DA:285,272
DA:286,272
DA:290,5
FN:290,PredictionMarketBase.marketOpen
FNDA:5,PredictionMarketBase.marketOpen
DA:291,0
DA:304,138
FN:304,PredictionMarketBase.setRiskExempt
FNDA:138,PredictionMarketBase.setRiskExempt
DA:305,138
DA:306,1
BRDA:306,6,0,1
DA:307,137
DA:308,137
DA:313,65
FN:313,PredictionMarketBase.setRouterVault
FNDA:65,PredictionMarketBase.setRouterVault
DA:314,65
BRDA:314,7,0,1
DA:315,64
BRDA:315,8,0,-
DA:316,64
DA:317,64
DA:322,97
FN:322,PredictionMarketBase._updateState
FNDA:97,PredictionMarketBase._updateState
DA:323,97
BRDA:323,9,0,38
DA:324,38
DA:329,57
FN:329,PredictionMarketBase._marketOpen
FNDA:57,PredictionMarketBase._marketOpen
DA:330,0
DA:331,57
BRDA:331,10,0,1
DA:332,1
DA:334,56
BRDA:334,11,0,1
DA:335,1
DA:337,55
BRDA:337,12,0,1
DA:338,1
DA:341,54
BRDA:341,13,0,1
DA:346,29
FN:346,PredictionMarketBase._initializedOnly
FNDA:29,PredictionMarketBase._initializedOnly
DA:347,29
BRDA:347,14,0,-
DA:348,0
DA:353,44
FN:353,PredictionMarketBase._zeroAmountCheck
FNDA:44,PredictionMarketBase._zeroAmountCheck
DA:354,44
BRDA:354,15,0,3
DA:355,3
DA:360,261
FN:360,PredictionMarketBase._onlyCrossChainController
FNDA:261,PredictionMarketBase._onlyCrossChainController
DA:361,261
BRDA:361,16,0,1
DA:362,1
DA:370,23
FN:370,PredictionMarketBase._isCanonicalPricingMode
FNDA:23,PredictionMarketBase._isCanonicalPricingMode
DA:371,23
DA:372,23
DA:376,0
FN:376,PredictionMarketBase._ensureCanonicalPriceFresh
FNDA:0,PredictionMarketBase._ensureCanonicalPriceFresh
DA:378,0
DA:379,0
DA:380,0
BRDA:380,17,0,-
DA:381,0
DA:386,12
FN:386,PredictionMarketBase.onlyRouterVaultAndFactory
FNDA:12,PredictionMarketBase.onlyRouterVaultAndFactory
DA:387,12
BRDA:387,18,0,10
BRDA:387,18,1,-
DA:390,2
BRDA:390,19,0,1
BRDA:390,19,1,-
DA:394,1
BRDA:394,20,0,1
DA:395,1
DA:399,1
DA:405,6
FN:405,PredictionMarketBase._bandFromId
FNDA:6,PredictionMarketBase._bandFromId
DA:406,6
BRDA:406,21,0,2
DA:407,4
BRDA:407,22,0,-
DA:408,4
BRDA:408,23,0,3
DA:409,1
DA:413,50
FN:413,PredictionMarketBase._revertIfLocalResolutionDisabled
FNDA:50,PredictionMarketBase._revertIfLocalResolutionDisabled
DA:415,50
DA:416,2
BRDA:416,24,0,2
DA:417,2
DA:422,130
FN:422,PredictionMarketBase._finalizeResolution
FNDA:130,PredictionMarketBase._finalizeResolution
DA:428,130
DA:429,130
DA:430,130
DA:431,130
DA:432,130
DA:433,130
DA:434,130
DA:435,130
DA:437,128
BRDA:437,25,0,128
DA:438,128
DA:440,130
DA:443,130
DA:444,22
DA:445,2
DA:446,2
BRDA:446,26,0,2
DA:447,2
DA:450,130
DA:460,1
FN:460,PredictionMarketBase.getLMSRState
FNDA:1,PredictionMarketBase.getLMSRState
DA:472,1
DA:473,1
DA:474,1
DA:475,1
DA:476,1
DA:477,1
DA:482,1
FN:482,PredictionMarketBase.getSyncSnapshot
FNDA:1,PredictionMarketBase.getSyncSnapshot
DA:487,1
DA:488,1
DA:489,1
FNF:19
FNH:18
LF:126
LH:114
BRF:29
BRH:21
end_of_record
TN:
SF:src/predictionMarket/PredictionMarketLiquidity.sol
DA:39,269
FN:39,PredictionMarketLiquidity.initializeMarket
FNDA:269,PredictionMarketLiquidity.initializeMarket
DA:42,1
BRDA:42,0,0,1
DA:43,1
DA:45,268
BRDA:45,1,0,1
DA:46,1
DA:49,267
DA:50,267
DA:51,267
BRDA:51,2,0,1
DA:52,1
DA:55,266
DA:56,266
DA:57,266
DA:60,266
DA:61,266
DA:62,266
DA:63,266
DA:64,266
DA:66,266
DA:89,11
FN:89,PredictionMarketLiquidity._executeLMSRBuy
FNDA:11,PredictionMarketLiquidity._executeLMSRBuy
DA:99,11
DA:100,0
BRDA:100,3,0,-
DA:101,11
BRDA:101,4,0,-
DA:102,11
DA:103,1
BRDA:103,5,0,1
DA:104,10
DA:105,1
BRDA:105,6,0,1
DA:106,9
DA:107,0
BRDA:107,7,0,-
DA:108,9
DA:115,9
DA:120,9
DA:122,9
BRDA:122,8,0,8
DA:124,8
DA:128,9
DA:129,9
DA:130,9
DA:132,9
DA:133,9
BRDA:133,9,0,8
DA:134,8
DA:139,9
BRDA:139,10,0,7
BRDA:139,10,1,-
DA:140,7
DA:142,7
DA:144,2
DA:145,2
DA:149,9
DA:152,7
DA:170,20
FN:170,PredictionMarketLiquidity._checkUserExposure
FNDA:20,PredictionMarketLiquidity._checkUserExposure
DA:172,20
DA:174,20
DA:175,20
DA:176,20
BRDA:176,11,0,1
DA:177,1
DA:196,5
FN:196,PredictionMarketLiquidity._executeLMSRSell
FNDA:5,PredictionMarketLiquidity._executeLMSRSell
DA:206,5
DA:207,0
BRDA:207,12,0,-
DA:208,5
BRDA:208,13,0,-
DA:209,5
DA:210,0
BRDA:210,14,0,-
DA:211,5
DA:212,0
BRDA:212,15,0,-
DA:213,5
DA:214,0
BRDA:214,16,0,-
DA:215,5
DA:221,5
BRDA:221,17,0,4
DA:222,4
DA:227,5
DA:233,4
DA:234,1
BRDA:234,18,0,1
DA:239,4
DA:240,4
DA:241,4
DA:244,0
BRDA:244,19,0,3
BRDA:244,19,1,-
DA:245,3
DA:247,3
DA:249,1
DA:251,1
DA:255,3
DA:260,4
DA:261,4
DA:264,3
DA:266,3
DA:277,14
FN:277,PredictionMarketLiquidity._resolveLMSRTradeControls
FNDA:14,PredictionMarketLiquidity._resolveLMSRTradeControls
DA:283,14
DA:285,14
BRDA:285,20,0,10
DA:286,10
DA:290,4
BRDA:290,21,0,-
DA:291,0
DA:294,4
BRDA:294,22,0,-
DA:295,0
DA:299,4
DA:300,4
DA:302,4
DA:303,4
DA:318,4
DA:319,4
DA:321,4
BRDA:321,23,0,-
DA:322,0
DA:337,29
FN:337,PredictionMarketLiquidity.mintCompleteSets
FNDA:29,PredictionMarketLiquidity.mintCompleteSets
DA:347,0
DA:348,29
DA:349,28
BRDA:349,24,0,1
DA:350,1
DA:353,27
DA:354,27
BRDA:354,25,0,1
DA:355,1
DA:360,26
DA:361,26
DA:362,12
DA:363,12
BRDA:363,26,0,12
DA:364,12
DA:367,25
DA:373,26
DA:375,25
BRDA:375,27,0,11
DA:376,11
DA:379,26
DA:381,25
DA:382,25
DA:383,25
DA:384,25
DA:387,25
DA:393,8
FN:393,PredictionMarketLiquidity.redeemCompleteSets
FNDA:8,PredictionMarketLiquidity.redeemCompleteSets
DA:396,8
DA:397,7
BRDA:397,28,0,1
DA:398,1
DA:400,6
DA:401,6
DA:402,6
BRDA:402,29,0,1
DA:403,1
DA:406,5
DA:412,5
DA:413,5
BRDA:413,30,0,1
DA:414,1
DA:418,5
DA:419,5
DA:420,5
DA:421,5
DA:422,5
DA:424,5
DA:429,5
FN:429,PredictionMarketLiquidity.executeBuy
FNDA:5,PredictionMarketLiquidity.executeBuy
DA:438,5
DA:452,3
FN:452,PredictionMarketLiquidity.executeSell
FNDA:3,PredictionMarketLiquidity.executeSell
DA:461,3
FNF:9
FNH:9
LF:142
LH:131
BRF:33
BRH:20
end_of_record
TN:
SF:src/predictionMarket/PredictionMarketResolution.sol
DA:26,38
FN:26,PredictionMarketResolution.resolve
FNDA:38,PredictionMarketResolution.resolve
DA:30,38
DA:39,41
FN:39,PredictionMarketResolution._resolve
FNDA:41,PredictionMarketResolution._resolve
DA:40,0
DA:41,0
DA:43,40
BRDA:43,0,0,2
DA:44,2
DA:47,38
BRDA:47,1,0,1
DA:48,1
DA:51,37
BRDA:51,2,0,8
DA:52,8
DA:53,8
DA:54,8
DA:55,8
DA:56,8
DA:58,8
DA:59,8
DA:61,29
BRDA:61,3,0,1
DA:62,1
DA:65,28
BRDA:65,4,0,1
DA:66,1
DA:69,27
DA:70,27
DA:71,27
DA:72,27
DA:73,27
DA:75,27
DA:83,2
FN:83,PredictionMarketResolution.setDisputeWindow
FNDA:2,PredictionMarketResolution.setDisputeWindow
DA:84,2
BRDA:84,5,0,1
DA:85,1
DA:87,1
DA:92,10
FN:92,PredictionMarketResolution.disputeProposedResolution
FNDA:10,PredictionMarketResolution.disputeProposedResolution
DA:93,10
BRDA:93,6,0,1
DA:94,1
DA:96,9
BRDA:96,7,0,1
DA:97,1
DA:99,1
BRDA:99,8,0,1
DA:100,1
DA:102,7
BRDA:102,9,0,1
DA:103,1
DA:105,6
DA:107,6
DA:108,5
DA:109,1
BRDA:109,10,0,1
DA:110,1
DA:113,5
DA:114,5
DA:121,5
BRDA:121,11,0,5
DA:122,5
DA:123,5
DA:126,5
DA:128,5
DA:129,5
DA:134,19
FN:134,PredictionMarketResolution.finalizeResolutionAfterDisputeWindow
FNDA:19,PredictionMarketResolution.finalizeResolutionAfterDisputeWindow
DA:135,0
DA:144,20
FN:144,PredictionMarketResolution._finalizeResolutionAfterDisputeWindow
FNDA:20,PredictionMarketResolution._finalizeResolutionAfterDisputeWindow
DA:145,20
BRDA:145,12,0,-
DA:146,0
DA:148,20
BRDA:148,13,0,1
DA:149,1
DA:151,19
BRDA:151,14,0,1
DA:152,1
DA:155,18
DA:161,1
FN:161,PredictionMarketResolution.adjudicateDisputedResolution
FNDA:1,PredictionMarketResolution.adjudicateDisputedResolution
DA:165,1
DA:171,2
FN:171,PredictionMarketResolution._adjudicateDisputedResolution
FNDA:2,PredictionMarketResolution._adjudicateDisputedResolution
DA:175,0
DA:178,2
DA:179,2
DA:180,2
DA:181,0
BRDA:181,15,0,-
DA:182,0
DA:185,2
BRDA:185,16,0,-
DA:186,0
DA:189,2
BRDA:189,17,0,-
DA:190,0
DA:191,0
DA:192,0
DA:193,0
DA:195,0
DA:196,0
DA:199,2
BRDA:199,18,0,-
DA:200,0
DA:203,2
DA:209,7
FN:209,PredictionMarketResolution.redeem
FNDA:7,PredictionMarketResolution.redeem
DA:212,7
DA:213,6
BRDA:213,19,0,1
DA:214,1
DA:217,5
DA:223,5
DA:225,5
BRDA:225,20,0,4
BRDA:225,20,1,-
DA:226,4
DA:227,4
DA:228,1
BRDA:228,21,0,1
DA:229,1
DA:230,1
DA:233,5
DA:239,7
FN:239,PredictionMarketResolution.manualResolveMarket
FNDA:7,PredictionMarketResolution.manualResolveMarket
DA:243,0
DA:244,6
BRDA:244,22,0,1
DA:245,1
DA:248,5
BRDA:248,23,0,2
DA:249,2
DA:252,3
BRDA:252,24,0,-
DA:253,0
DA:256,3
BRDA:256,25,0,1
DA:257,1
DA:260,2
DA:261,2
DA:266,153
FN:266,PredictionMarketResolution.setCrossChainController
FNDA:153,PredictionMarketResolution.setCrossChainController
DA:267,153
BRDA:267,26,0,1
DA:268,1
DA:270,152
DA:271,152
DA:276,140
FN:276,PredictionMarketResolution.setMarketId
FNDA:140,PredictionMarketResolution.setMarketId
DA:277,140
BRDA:277,27,0,1
DA:278,1
DA:280,139
BRDA:280,28,0,1
DA:281,138
BRDA:281,29,0,1
DA:282,137
DA:283,137
DA:289,112
FN:289,PredictionMarketResolution.resolveFromHub
FNDA:112,PredictionMarketResolution.resolveFromHub
DA:293,0
DA:294,111
BRDA:294,30,0,1
DA:295,1
DA:298,110
DA:299,1
BRDA:299,31,0,1
DA:300,1
DA:303,109
DA:305,1
BRDA:305,32,0,1
DA:306,1
DA:309,108
DA:315,149
FN:315,PredictionMarketResolution.syncCanonicalPriceFromHub
FNDA:149,PredictionMarketResolution.syncCanonicalPriceFromHub
DA:321,0
DA:322,149
BRDA:322,33,0,1
DA:323,1
DA:325,148
BRDA:325,34,0,1
DA:326,1
DA:329,147
DA:330,147
DA:331,147
DA:332,147
DA:334,147
DA:350,14
FN:350,PredictionMarketResolution._processReport
FNDA:14,PredictionMarketResolution._processReport
DA:351,14
DA:355,14
DA:357,14
BRDA:357,35,0,3
DA:358,3
DA:362,3
DA:363,1
DA:366,11
BRDA:366,36,0,1
DA:367,0
DA:368,1
DA:371,10
BRDA:371,37,0,1
DA:372,1
DA:374,1
DA:375,1
DA:379,9
BRDA:379,38,0,6
DA:380,6
DA:388,6
DA:392,6
DA:401,4
DA:404,3
BRDA:404,39,0,2
DA:405,2
DA:413,2
DA:417,2
DA:426,1
DA:429,1
DA:434,2
FN:434,PredictionMarketResolution.checkResolutionTime
FNDA:2,PredictionMarketResolution.checkResolutionTime
DA:435,2
DA:441,1
FN:441,PredictionMarketResolution.getDisputeSubmissionsCount
FNDA:1,PredictionMarketResolution.getDisputeSubmissionsCount
DA:442,1
DA:447,1
FN:447,PredictionMarketResolution.getDisputeResolutionSnapshot
FNDA:1,PredictionMarketResolution.getDisputeResolutionSnapshot
DA:460,1
DA:463,1
DA:464,1
DA:467,1
DA:468,1
DA:469,1
DA:470,1
DA:471,1
DA:472,1
DA:473,1
FNF:18
FNH:18
LF:183
LH:163
BRF:41
BRH:34
end_of_record
TN:
SF:src/router/PredictionMarketRouterVault.sol
DA:16,57
FN:16,PredictionMarketRouterVault.initialize
FNDA:57,PredictionMarketRouterVault.initialize
DA:20,57
FNF:1
FNH:1
LF:2
LH:2
BRF:0
BRH:0
end_of_record
TN:
SF:src/router/PredictionMarketRouterVaultBase.sol
DA:230,57
FN:230,PredictionMarketRouterVaultBase.constructor
FNDA:57,PredictionMarketRouterVaultBase.constructor
DA:231,0
DA:235,57
FN:235,PredictionMarketRouterVaultBase.__PredictionMarketRouterVaultBase_init
FNDA:57,PredictionMarketRouterVaultBase.__PredictionMarketRouterVaultBase_init
DA:241,57
BRDA:241,0,0,1
DA:242,56
BRDA:242,1,0,-
DA:243,56
DA:244,56
DA:245,56
DA:249,1
FN:249,PredictionMarketRouterVaultBase._authorizeUpgrade
FNDA:1,PredictionMarketRouterVaultBase._authorizeUpgrade
DA:252,1
BRDA:252,2,0,1
DA:256,2
FN:256,PredictionMarketRouterVaultBase.receive
FNDA:2,PredictionMarketRouterVaultBase.receive
DA:257,2
DA:262,3
FN:262,PredictionMarketRouterVaultBase.getUntrackedCollateral
FNDA:3,PredictionMarketRouterVaultBase.getUntrackedCollateral
DA:263,3
DA:264,3
BRDA:264,3,0,1
DA:265,2
DA:269,3
FN:269,PredictionMarketRouterVaultBase.getRouterUntrackedValue
FNDA:3,PredictionMarketRouterVaultBase.getRouterUntrackedValue
DA:274,3
DA:275,3
DA:276,3
DA:280,39
FN:280,PredictionMarketRouterVaultBase._validateMarket
FNDA:39,PredictionMarketRouterVaultBase._validateMarket
DA:281,39
BRDA:281,4,0,2
DA:285,28
FN:285,PredictionMarketRouterVaultBase._ensureCollateralMatch
FNDA:28,PredictionMarketRouterVaultBase._ensureCollateralMatch
DA:287,28
DA:289,1
BRDA:289,5,0,1
DA:290,1
DA:295,31
FN:295,PredictionMarketRouterVaultBase._ensureAllowance
FNDA:31,PredictionMarketRouterVaultBase._ensureAllowance
DA:300,31
DA:301,31
BRDA:301,6,0,3
DA:302,28
DA:303,28
FNF:9
FNH:9
LF:31
LH:30
BRF:7
BRH:6
end_of_record
TN:
SF:src/router/PredictionMarketRouterVaultOperations.sol
DA:27,11
FN:27,PredictionMarketRouterVaultOperations.setAgentPermission
FNDA:11,PredictionMarketRouterVaultOperations.setAgentPermission
DA:33,11
BRDA:33,0,0,1
DA:34,10
DA:35,1
BRDA:35,1,0,1
DA:36,9
BRDA:36,2,0,1
DA:37,8
BRDA:37,3,0,1
DA:39,7
DA:46,7
DA:57,1
FN:57,PredictionMarketRouterVaultOperations.revokeAgentPermission
FNDA:1,PredictionMarketRouterVaultOperations.revokeAgentPermission
DA:58,1
DA:63,63
FN:63,PredictionMarketRouterVaultOperations.setMarketAllowed
FNDA:63,PredictionMarketRouterVaultOperations.setMarketAllowed
DA:64,63
BRDA:64,4,0,1
DA:65,1
DA:67,62
BRDA:67,5,0,1
DA:68,61
DA:69,61
DA:73,4
FN:73,PredictionMarketRouterVaultOperations.setRiskExempt
FNDA:4,PredictionMarketRouterVaultOperations.setRiskExempt
DA:74,4
BRDA:74,6,0,1
DA:75,3
DA:76,3
DA:81,4
FN:81,PredictionMarketRouterVaultOperations.withdrawEth
FNDA:4,PredictionMarketRouterVaultOperations.withdrawEth
DA:85,4
BRDA:85,7,0,1
DA:86,3
BRDA:86,8,0,1
DA:87,2
DA:88,1
BRDA:88,9,0,1
DA:90,1
DA:91,1
BRDA:91,10,0,-
DA:92,1
DA:96,31
FN:96,PredictionMarketRouterVaultOperations.depositCollateral
FNDA:31,PredictionMarketRouterVaultOperations.depositCollateral
DA:97,31
DA:101,0
FN:101,PredictionMarketRouterVaultOperations.depositFor
FNDA:0,PredictionMarketRouterVaultOperations.depositFor
DA:105,0
BRDA:105,11,0,-
DA:106,0
DA:110,2
FN:110,PredictionMarketRouterVaultOperations.withdrawCollateral
FNDA:2,PredictionMarketRouterVaultOperations.withdrawCollateral
DA:111,2
DA:115,2
FN:115,PredictionMarketRouterVaultOperations.withdrawOutcomeToken
FNDA:2,PredictionMarketRouterVaultOperations.withdrawOutcomeToken
DA:119,2
DA:123,17
FN:123,PredictionMarketRouterVaultOperations.mintCompleteSets
FNDA:17,PredictionMarketRouterVaultOperations.mintCompleteSets
DA:127,17
DA:131,4
FN:131,PredictionMarketRouterVaultOperations.redeemCompleteSets
FNDA:4,PredictionMarketRouterVaultOperations.redeemCompleteSets
DA:135,4
DA:139,3
FN:139,PredictionMarketRouterVaultOperations.redeem
FNDA:3,PredictionMarketRouterVaultOperations.redeem
DA:140,3
DA:148,0
FN:148,PredictionMarketRouterVaultOperations.disputeProposedResolution
FNDA:0,PredictionMarketRouterVaultOperations.disputeProposedResolution
DA:152,0
DA:160,2
FN:160,PredictionMarketRouterVaultOperations.mintCompleteSetsFor
FNDA:2,PredictionMarketRouterVaultOperations.mintCompleteSetsFor
DA:165,2
DA:166,2
DA:167,2
DA:176,1
FN:176,PredictionMarketRouterVaultOperations.redeemCompleteSetsFor
FNDA:1,PredictionMarketRouterVaultOperations.redeemCompleteSetsFor
DA:181,1
DA:187,1
DA:188,1
DA:200,1
FN:200,PredictionMarketRouterVaultOperations.redeemFor
FNDA:1,PredictionMarketRouterVaultOperations.redeemFor
DA:205,1
DA:206,1
DA:207,1
DA:211,0
FN:211,PredictionMarketRouterVaultOperations.disputeProposedResolutionFor
FNDA:0,PredictionMarketRouterVaultOperations.disputeProposedResolutionFor
DA:216,0
DA:217,0
DA:218,0
DA:231,32
FN:231,PredictionMarketRouterVaultOperations._depositCollateral
FNDA:32,PredictionMarketRouterVaultOperations._depositCollateral
DA:236,32
DA:237,32
DA:238,32
DA:239,32
BRDA:239,12,0,-
DA:240,32
DA:241,32
DA:242,32
DA:243,32
DA:247,3
FN:247,PredictionMarketRouterVaultOperations._withdrawCollateral
FNDA:3,PredictionMarketRouterVaultOperations._withdrawCollateral
DA:248,3
DA:249,3
BRDA:249,13,0,1
DA:250,2
DA:251,2
DA:252,2
DA:253,2
DA:257,2
FN:257,PredictionMarketRouterVaultOperations._withdrawOutcomeToken
FNDA:2,PredictionMarketRouterVaultOperations._withdrawOutcomeToken
DA:262,2
DA:263,2
BRDA:263,14,0,1
DA:264,1
DA:265,1
DA:266,1
DA:272,2
FN:272,PredictionMarketRouterVaultOperations._creditFromUntrackedCollateral
FNDA:2,PredictionMarketRouterVaultOperations._creditFromUntrackedCollateral
DA:276,2
BRDA:276,15,0,-
DA:277,2
BRDA:277,16,0,-
DA:279,2
DA:280,2
DA:281,2
DA:282,2
DA:283,0
BRDA:283,17,0,-
DA:287,1
FN:287,PredictionMarketRouterVaultOperations._creditCollateralFromFiat
FNDA:1,PredictionMarketRouterVaultOperations._creditCollateralFromFiat
DA:288,1
DA:289,1
DA:290,1
DA:291,1
DA:295,2
FN:295,PredictionMarketRouterVaultOperations._creditCollateralFromEth
FNDA:2,PredictionMarketRouterVaultOperations._creditCollateralFromEth
DA:300,2
BRDA:300,18,0,-
DA:302,1
BRDA:302,19,0,1
DA:303,1
DA:304,1
DA:305,1
DA:306,1
DA:307,1
DA:311,19
FN:311,PredictionMarketRouterVaultOperations._mintCompleteSets
FNDA:19,PredictionMarketRouterVaultOperations._mintCompleteSets
DA:316,19
DA:317,18
DA:319,17
BRDA:319,20,0,16
DA:320,16
DA:323,15
DA:324,15
BRDA:324,21,0,1
DA:325,14
DA:326,14
DA:328,14
DA:329,14
DA:330,14
DA:331,14
DA:333,14
DA:334,14
DA:336,14
DA:337,14
DA:338,14
DA:339,14
DA:341,14
BRDA:341,22,0,13
DA:342,13
DA:343,13
DA:345,14
DA:346,14
DA:348,14
DA:352,6
FN:352,PredictionMarketRouterVaultOperations._redeemCompleteSets
FNDA:6,PredictionMarketRouterVaultOperations._redeemCompleteSets
DA:357,6
DA:358,5
DA:359,5
DA:361,5
DA:362,5
DA:363,5
DA:364,1
BRDA:364,23,0,1
DA:365,4
DA:366,4
DA:376,4
DA:377,4
DA:380,4
BRDA:380,24,0,1
DA:381,1
DA:384,4
BRDA:384,25,0,-
DA:385,0
DA:391,4
DA:392,4
DA:393,4
DA:394,4
DA:395,4
DA:397,4
BRDA:397,26,0,-
DA:398,4
DA:399,4
DA:400,4
DA:401,4
DA:402,4
DA:404,4
DA:408,5
FN:408,PredictionMarketRouterVaultOperations._redeem
FNDA:5,PredictionMarketRouterVaultOperations._redeem
DA:409,5
DA:410,5
DA:412,5
DA:413,5
DA:415,5
BRDA:415,27,0,4
BRDA:415,27,1,-
DA:416,4
DA:417,1
BRDA:417,28,0,-
BRDA:417,28,1,-
DA:418,0
DA:420,1
DA:423,4
DA:424,4
BRDA:424,29,0,1
DA:425,3
DA:427,3
DA:428,3
DA:429,3
DA:430,3
DA:432,3
BRDA:432,30,0,-
DA:433,3
DA:434,3
DA:435,3
DA:436,3
DA:437,3
DA:439,3
DA:443,5
FN:443,PredictionMarketRouterVaultOperations._buy
FNDA:5,PredictionMarketRouterVaultOperations._buy
DA:453,5
DA:454,5
DA:456,5
DA:457,5
BRDA:457,31,0,5
DA:458,5
DA:463,5
DA:464,5
DA:468,4
DA:469,4
BRDA:469,32,0,-
DA:470,4
DA:471,4
DA:473,4
DA:477,4
DA:480,4
DA:481,4
DA:491,4
DA:492,4
DA:497,4
DA:499,4
DA:500,4
BRDA:500,33,0,4
DA:501,4
DA:502,4
DA:505,4
DA:509,3
FN:509,PredictionMarketRouterVaultOperations._sell
FNDA:3,PredictionMarketRouterVaultOperations._sell
DA:519,3
DA:521,3
DA:525,3
DA:526,3
BRDA:526,34,0,-
DA:531,3
DA:532,3
BRDA:532,35,0,1
DA:536,2
DA:537,2
DA:539,2
DA:541,2
DA:542,2
DA:552,2
DA:553,2
DA:555,2
DA:556,2
DA:557,2
BRDA:557,36,0,2
DA:558,2
DA:559,2
DA:564,2
DA:573,21
FN:573,PredictionMarketRouterVaultOperations._checkUserExposure
FNDA:21,PredictionMarketRouterVaultOperations._checkUserExposure
DA:578,21
DA:579,21
BRDA:579,37,0,1
DA:580,1
DA:582,20
DA:585,20
DA:586,20
BRDA:586,38,0,2
DA:587,2
DA:595,1
FN:595,PredictionMarketRouterVaultOperations._disputeProposedResolution
FNDA:1,PredictionMarketRouterVaultOperations._disputeProposedResolution
DA:600,1
DA:601,1
DA:604,1
DA:612,2
FN:612,PredictionMarketRouterVaultOperations._revokeAgentPermission
FNDA:2,PredictionMarketRouterVaultOperations._revokeAgentPermission
DA:613,2
BRDA:613,39,0,-
DA:615,2
DA:623,10
FN:623,PredictionMarketRouterVaultOperations._authorizeAgent
FNDA:10,PredictionMarketRouterVaultOperations._authorizeAgent
DA:629,10
DA:630,10
BRDA:630,40,0,2
DA:631,8
DA:632,1
BRDA:632,41,0,1
DA:633,7
DA:634,1
BRDA:634,42,0,1
DA:635,6
DA:636,1
BRDA:636,43,0,1
DA:644,0
FN:644,PredictionMarketRouterVaultOperations._max
FNDA:0,PredictionMarketRouterVaultOperations._max
DA:645,0
DA:652,23
FN:652,PredictionMarketRouterVaultOperations._dispatchRouterAction
FNDA:23,PredictionMarketRouterVaultOperations._dispatchRouterAction
DA:656,23
BRDA:656,44,0,1
DA:657,1
DA:661,1
DA:662,1
DA:664,22
BRDA:664,45,0,1
DA:665,1
DA:669,1
DA:670,1
DA:672,21
BRDA:672,46,0,-
DA:673,0
DA:677,0
DA:678,0
DA:680,21
BRDA:680,47,0,1
DA:681,1
DA:685,1
DA:686,1
DA:688,20
BRDA:688,48,0,1
DA:689,1
DA:693,1
DA:694,1
DA:696,19
BRDA:696,49,0,4
DA:697,4
DA:706,4
DA:710,4
DA:711,3
DA:713,15
BRDA:713,50,0,2
DA:714,2
DA:723,2
DA:727,2
DA:728,1
DA:732,13
BRDA:732,51,0,1
DA:733,1
DA:737,1
DA:738,1
DA:740,12
BRDA:740,52,0,2
DA:741,2
DA:745,2
DA:746,1
DA:748,10
BRDA:748,53,0,1
DA:749,1
DA:753,1
DA:754,1
DA:756,9
BRDA:756,54,0,1
DA:757,1
DA:761,1
DA:762,1
DA:764,8
DA:768,8
FN:768,PredictionMarketRouterVaultOperations._dispatchRouterAgentAction
FNDA:8,PredictionMarketRouterVaultOperations._dispatchRouterAgentAction
DA:773,8
BRDA:773,55,0,-
DA:774,0
DA:776,0
DA:777,0
DA:778,0
DA:779,0
DA:781,8
BRDA:781,56,0,1
DA:782,1
DA:784,1
DA:790,1
DA:791,1
DA:792,0
DA:795,7
BRDA:795,57,0,-
DA:796,0
DA:798,0
DA:799,0
DA:800,0
DA:801,0
DA:803,7
BRDA:803,58,0,-
DA:804,0
DA:809,0
DA:810,0
DA:811,0
DA:812,0
DA:813,0
DA:815,7
BRDA:815,59,0,4
DA:816,4
DA:826,4
DA:830,4
DA:831,1
DA:832,1
DA:833,1
DA:835,3
BRDA:835,60,0,1
DA:836,1
DA:846,1
DA:850,1
DA:851,1
DA:852,1
DA:853,1
DA:855,2
BRDA:855,61,0,1
DA:856,1
DA:860,1
DA:861,1
DA:863,1
DA:868,23
FN:868,PredictionMarketRouterVaultOperations._processReport
FNDA:23,PredictionMarketRouterVaultOperations._processReport
DA:871,23
DA:875,23
DA:876,23
BRDA:876,62,0,12
DA:877,8
DA:878,3
BRDA:878,63,0,3
DA:879,1
FNF:36
FNH:32
LF:351
LH:317
BRF:66
BRH:46
end_of_record
TN:
SF:src/token/OutcomeToken.sol
DA:17,963
FN:17,OutcomeToken.constructor
FNDA:963,OutcomeToken.constructor
DA:22,963
BRDA:22,0,0,-
DA:27,0
FN:27,OutcomeToken.decimals
FNDA:0,OutcomeToken.decimals
DA:28,0
DA:35,418
FN:35,OutcomeToken.mint
FNDA:418,OutcomeToken.mint
DA:36,418
DA:43,21
FN:43,OutcomeToken.burn
FNDA:21,OutcomeToken.burn
DA:44,21
FNF:4
FNH:3
LF:8
LH:6
BRF:1
BRH:0
end_of_record
TN:
SF:test/statefullFuzz/PredictionMarketHandler.t.sol
DA:19,0
FN:19,PredictionMarketHandler.constructor
FNDA:0,PredictionMarketHandler.constructor
DA:20,0
DA:21,0
DA:22,0
DA:24,0
DA:25,0
DA:26,0
DA:27,0
DA:28,0
DA:31,0
FN:31,PredictionMarketHandler.getActors
FNDA:0,PredictionMarketHandler.getActors
DA:32,0
DA:35,0
FN:35,PredictionMarketHandler._actor
FNDA:0,PredictionMarketHandler._actor
DA:36,0
DA:39,0
FN:39,PredictionMarketHandler._ensureApprovals
FNDA:0,PredictionMarketHandler._ensureApprovals
DA:40,0
DA:41,0
DA:42,0
DA:43,0
DA:44,0
DA:47,0
FN:47,PredictionMarketHandler.mintCompleteSets
FNDA:0,PredictionMarketHandler.mintCompleteSets
DA:48,0
DA:49,0
DA:51,0
DA:52,0
DA:54,0
DA:55,0
DA:57,0
DA:60,0
FN:60,PredictionMarketHandler.redeemCompleteSets
FNDA:0,PredictionMarketHandler.redeemCompleteSets
DA:61,0
DA:62,0
DA:63,0
DA:64,0
DA:66,0
BRDA:66,0,0,-
DA:68,0
DA:69,0
DA:71,0
DA:72,0
DA:74,0
DA:77,0
FN:77,PredictionMarketHandler.lmsrBuy
FNDA:0,PredictionMarketHandler.lmsrBuy
DA:78,0
DA:79,0
DA:80,0
DA:81,0
BRDA:81,1,0,-
DA:82,0
DA:84,0
DA:86,0
DA:87,0
DA:88,0
DA:90,0
DA:91,0
DA:92,0
DA:93,0
DA:94,0
BRDA:94,2,0,-
DA:95,0
DA:96,0
BRDA:96,3,0,-
DA:98,0
DA:99,0
DA:101,0
BRDA:101,4,0,-
DA:102,0
DA:107,0
DA:109,0
DA:110,0
DA:111,0
BRDA:111,5,0,-
DA:112,0
DA:116,0
DA:117,0
DA:119,0
DA:120,0
DA:125,0
DA:126,0
DA:129,0
FN:129,PredictionMarketHandler.lmsrSell
FNDA:0,PredictionMarketHandler.lmsrSell
DA:130,0
DA:131,0
DA:133,0
DA:134,0
BRDA:134,6,0,-
DA:136,0
DA:138,0
DA:139,0
DA:140,0
DA:142,0
DA:143,0
DA:144,0
DA:145,0
DA:146,0
BRDA:146,7,0,-
DA:147,0
DA:148,0
BRDA:148,8,0,-
DA:150,0
DA:152,0
BRDA:152,9,0,-
DA:154,0
DA:155,0
DA:157,0
DA:158,0
DA:163,0
DA:164,0
FNF:8
FNH:0
LF:94
LH:0
BRF:10
BRH:0
end_of_record
TN:
SF:test/statefullFuzz/PredictionMarketRouterVaultHandler.t.sol
DA:27,0
FN:27,PredictionMarketRouterVaultHandler.constructor
FNDA:0,PredictionMarketRouterVaultHandler.constructor
DA:34,0
DA:35,0
DA:36,0
DA:37,0
DA:38,0
DA:40,0
DA:41,0
DA:42,0
DA:43,0
DA:44,0
DA:47,0
FN:47,PredictionMarketRouterVaultHandler.getActors
FNDA:0,PredictionMarketRouterVaultHandler.getActors
DA:48,0
DA:51,0
FN:51,PredictionMarketRouterVaultHandler._actor
FNDA:0,PredictionMarketRouterVaultHandler._actor
DA:52,0
DA:55,0
FN:55,PredictionMarketRouterVaultHandler._ensureApproval
FNDA:0,PredictionMarketRouterVaultHandler._ensureApproval
DA:56,0
DA:57,0
DA:58,0
DA:61,0
FN:61,PredictionMarketRouterVaultHandler._depositIfNeeded
FNDA:0,PredictionMarketRouterVaultHandler._depositIfNeeded
DA:62,0
DA:63,0
BRDA:63,0,0,-
DA:65,0
DA:66,0
DA:67,0
DA:68,0
DA:69,0
DA:72,0
FN:72,PredictionMarketRouterVaultHandler.depositCollateral
FNDA:0,PredictionMarketRouterVaultHandler.depositCollateral
DA:73,0
DA:74,0
DA:75,0
DA:76,0
DA:77,0
DA:78,0
DA:81,0
FN:81,PredictionMarketRouterVaultHandler.withdrawCollateral
FNDA:0,PredictionMarketRouterVaultHandler.withdrawCollateral
DA:82,0
DA:83,0
DA:84,0
BRDA:84,1,0,-
DA:86,0
DA:87,0
DA:88,0
DA:91,0
FN:91,PredictionMarketRouterVaultHandler.mintCompleteSets
FNDA:0,PredictionMarketRouterVaultHandler.mintCompleteSets
DA:92,0
DA:93,0
DA:94,0
DA:96,0
DA:97,0
DA:101,0
FN:101,PredictionMarketRouterVaultHandler.redeemCompleteSets
FNDA:0,PredictionMarketRouterVaultHandler.redeemCompleteSets
DA:102,0
DA:103,0
DA:104,0
DA:105,0
DA:106,0
DA:107,0
DA:109,0
BRDA:109,2,0,-
DA:111,0
DA:112,0
DA:113,0
DA:117,0
FN:117,PredictionMarketRouterVaultHandler.lmsrBuy
FNDA:0,PredictionMarketRouterVaultHandler.lmsrBuy
DA:118,0
DA:119,0
DA:120,0
DA:121,0
BRDA:121,3,0,-
DA:122,0
DA:124,0
DA:126,0
DA:127,0
DA:128,0
DA:130,0
DA:131,0
DA:132,0
DA:133,0
DA:134,0
BRDA:134,4,0,-
DA:135,0
DA:136,0
BRDA:136,5,0,-
DA:138,0
DA:139,0
DA:141,0
BRDA:141,6,0,-
DA:142,0
DA:147,0
DA:148,0
DA:149,0
DA:150,0
BRDA:150,7,0,-
DA:151,0
DA:155,0
DA:157,0
DA:171,0
DA:172,0
DA:175,0
FN:175,PredictionMarketRouterVaultHandler.lmsrSell
FNDA:0,PredictionMarketRouterVaultHandler.lmsrSell
DA:176,0
DA:177,0
DA:178,0
DA:179,0
DA:180,0
DA:181,0
DA:182,0
BRDA:182,8,0,-
DA:184,0
DA:186,0
DA:187,0
DA:188,0
DA:190,0
DA:191,0
BRDA:191,9,0,-
DA:192,0
BRDA:192,10,0,-
DA:193,0
DA:194,0
DA:195,0
DA:196,0
BRDA:196,11,0,-
DA:197,0
DA:198,0
BRDA:198,12,0,-
DA:200,0
DA:201,0
BRDA:201,13,0,-
DA:202,0
BRDA:202,14,0,-
DA:204,0
DA:205,0
DA:207,0
DA:221,0
DA:222,0
DA:225,0
FN:225,PredictionMarketRouterVaultHandler.setRiskExempt
FNDA:0,PredictionMarketRouterVaultHandler.setRiskExempt
DA:226,0
DA:227,0
DA:228,0
FNF:12
FNH:0
LF:121
LH:0
BRF:15
BRH:0
end_of_record
TN:
SF:test/statefullFuzz/predictionMarket.invariant.t.sol
DA:14,0
FN:14,MockMarketFactoryInvariant.removeResolvedMarket
FNDA:0,MockMarketFactoryInvariant.removeResolvedMarket
DA:16,0
FN:16,MockMarketFactoryInvariant.deployMarket
FNDA:0,MockMarketFactoryInvariant.deployMarket
DA:24,0
FNF:2
FNH:0
LF:3
LH:0
BRF:0
BRH:0
end_of_record
TN:
SF:test/statefullFuzz/predictionMarketRouterVault.invariant.t.sol
DA:15,0
FN:15,MockMarketFactoryRouterInvariant.removeResolvedMarket
FNDA:0,MockMarketFactoryRouterInvariant.removeResolvedMarket
DA:17,0
FN:17,MockMarketFactoryRouterInvariant.deployMarket
FNDA:0,MockMarketFactoryRouterInvariant.deployMarket
DA:25,0
FNF:2
FNH:0
LF:3
LH:0
BRF:0
BRH:0
end_of_record
TN:
SF:test/statelessFuzz/PredictionMarketRouterVault.t.sol
DA:34,0
FN:34,MockMarketFactoryFuzz.removeResolvedMarket
FNDA:0,MockMarketFactoryFuzz.removeResolvedMarket
DA:35,0
DA:36,0
DA:39,0
FN:39,MockMarketFactoryFuzz.markMarketForManualReview
FNDA:0,MockMarketFactoryFuzz.markMarketForManualReview
DA:40,0
DA:43,0
FN:43,MockMarketFactoryFuzz.removeManualReviewMarket
FNDA:0,MockMarketFactoryFuzz.removeManualReviewMarket
DA:44,0
DA:47,0
FN:47,MockMarketFactoryFuzz.deployMarket
FNDA:0,MockMarketFactoryFuzz.deployMarket
DA:55,0
FNF:4
FNH:0
LF:9
LH:0
BRF:0
BRH:0
end_of_record
TN:
SF:test/statelessFuzz/predictionMarket.t.sol
DA:20,0
FN:20,MockMarketFactoryFuzz.removeResolvedMarket
FNDA:0,MockMarketFactoryFuzz.removeResolvedMarket
DA:21,0
DA:22,0
DA:25,0
FN:25,MockMarketFactoryFuzz.setIsHubFactory
FNDA:0,MockMarketFactoryFuzz.setIsHubFactory
DA:26,0
DA:29,0
FN:29,MockMarketFactoryFuzz.markMarketForManualReview
FNDA:0,MockMarketFactoryFuzz.markMarketForManualReview
DA:30,0
DA:33,0
FN:33,MockMarketFactoryFuzz.removeManualReviewMarket
FNDA:0,MockMarketFactoryFuzz.removeManualReviewMarket
DA:34,0
DA:37,0
FN:37,MockMarketFactoryFuzz.deployMarket
FNDA:0,MockMarketFactoryFuzz.deployMarket
DA:45,0
FNF:5
FNH:0
LF:11
LH:0
BRF:0
BRH:0
end_of_record
TN:
SF:test/unit/MarketFactory.t.sol
DA:22,1
FN:22,MockRouter.setFee
FNDA:1,MockRouter.setFee
DA:23,1
DA:26,7
FN:26,MockRouter.getFee
FNDA:7,MockRouter.getFee
DA:27,7
DA:30,7
FN:30,MockRouter.ccipSend
FNDA:7,MockRouter.ccipSend
DA:35,7
DA:36,7
DA:37,7
DA:38,7
DA:48,2
FN:48,MockPredictionRouter.setMarketAllowed
FNDA:2,MockPredictionRouter.setMarketAllowed
DA:49,2
DA:50,2
DA:51,2
DA:52,2
DA:61,1
FN:61,MockPredictionBridge.setMarketIdMapping
FNDA:1,MockPredictionBridge.setMarketIdMapping
DA:62,1
DA:63,1
DA:64,1
FNF:5
FNH:5
LF:18
LH:18
BRF:0
BRH:0
end_of_record
TN:
SF:test/unit/PredictionMarket.t.sol
DA:25,24
FN:25,MockMarketFactory.removeResolvedMarket
FNDA:24,MockMarketFactory.removeResolvedMarket
DA:26,24
DA:27,24
DA:30,1
FN:30,MockMarketFactory.setIsHubFactory
FNDA:1,MockMarketFactory.setIsHubFactory
DA:31,1
DA:34,7
FN:34,MockMarketFactory.markMarketForManualReview
FNDA:7,MockMarketFactory.markMarketForManualReview
DA:35,7
DA:36,7
DA:39,19
FN:39,MockMarketFactory.removeManualReviewMarket
FNDA:19,MockMarketFactory.removeManualReviewMarket
DA:40,19
DA:41,19
DA:44,1
FN:44,MockMarketFactory.onHubMarketResolved
FNDA:1,MockMarketFactory.onHubMarketResolved
DA:45,1
DA:46,1
DA:47,1
DA:50,84
FN:50,MockMarketFactory.deployMarket
FNDA:84,MockMarketFactory.deployMarket
DA:58,84
FNF:6
FNH:6
LF:17
LH:17
BRF:0
BRH:0
end_of_record
TN:
SF:test/unit/PredictionMarketBridge.t.sol
DA:21,41
FN:21,MockRouterForBridge.setFee
FNDA:41,MockRouterForBridge.setFee
DA:22,41
DA:25,5
FN:25,MockRouterForBridge.getFee
FNDA:5,MockRouterForBridge.getFee
DA:26,5
DA:29,4
FN:29,MockRouterForBridge.ccipSend
FNDA:4,MockRouterForBridge.ccipSend
DA:34,4
DA:35,4
DA:36,4
DA:37,4
DA:38,4
DA:47,40
FN:47,MockPredictionMarketClaimSource.constructor
FNDA:40,MockPredictionMarketClaimSource.constructor
DA:48,40
DA:49,40
DA:50,40
DA:53,3
FN:53,MockPredictionMarketClaimSource.setResolution
FNDA:3,MockPredictionMarketClaimSource.setResolution
DA:54,3
FNF:5
FNH:5
LF:16
LH:16
BRF:0
BRH:0
end_of_record
TN:
SF:test/unit/PredictionMarketRouterVault.t.sol
DA:30,4
FN:30,MockMarketFactory.removeResolvedMarket
FNDA:4,MockMarketFactory.removeResolvedMarket
DA:31,4
DA:32,4
DA:35,0
FN:35,MockMarketFactory.markMarketForManualReview
FNDA:0,MockMarketFactory.markMarketForManualReview
DA:36,0
DA:39,4
FN:39,MockMarketFactory.removeManualReviewMarket
FNDA:4,MockMarketFactory.removeManualReviewMarket
DA:40,4
DA:43,56
FN:43,MockMarketFactory.deployMarket
FNDA:56,MockMarketFactory.deployMarket
DA:51,56
DA:943,0
FN:943,ReentrancyAttacker.constructor
FNDA:0,ReentrancyAttacker.constructor
DA:944,0
DA:945,0
DA:948,0
FN:948,ReentrancyAttacker.approveCollateral
FNDA:0,ReentrancyAttacker.approveCollateral
DA:949,0
DA:952,0
FN:952,ReentrancyAttacker.attackDeposit
FNDA:0,ReentrancyAttacker.attackDeposit
DA:953,0
DA:954,0
DA:955,0
BRDA:955,0,0,-
DA:956,0
DA:957,0
DA:961,0
FN:961,ReentrancyAttacker.attackWithdraw
FNDA:0,ReentrancyAttacker.attackWithdraw
DA:962,0
BRDA:962,1,0,-
DA:963,0
DA:964,0
DA:968,0
FN:968,ReentrancyAttacker.receive
FNDA:0,ReentrancyAttacker.receive
DA:969,0
BRDA:969,2,0,-
DA:970,0
FNF:9
FNH:3
LF:27
LH:7
BRF:3
BRH:0
end_of_record
TN:
SF:test/utils/LMSRTestMath.sol
DA:39,0
FN:39,LMSRTestMath._clamp
FNDA:0,LMSRTestMath._clamp
DA:40,0
BRDA:40,0,0,-
DA:41,0
BRDA:41,1,0,-
DA:42,0
DA:70,0
FN:70,LMSRTestMath.expWad
FNDA:0,LMSRTestMath.expWad
DA:71,0
DA:74,0
DA:75,0
DA:78,0
DA:79,0
DA:82,0
DA:83,0
DA:86,0
DA:87,0
DA:90,0
DA:91,0
DA:94,0
DA:95,0
DA:97,0
DA:119,0
FN:119,LMSRTestMath.lnWad
FNDA:0,LMSRTestMath.lnWad
DA:120,0
BRDA:120,2,0,-
DA:122,0
DA:127,0
DA:128,0
DA:129,0
DA:131,0
DA:132,0
DA:133,0
DA:138,0
DA:146,0
DA:147,0
DA:149,0
DA:150,0
DA:152,0
DA:153,0
DA:155,0
DA:156,0
DA:158,0
DA:159,0
DA:161,0
DA:184,0
FN:184,LMSRTestMath.cost
FNDA:0,LMSRTestMath.cost
DA:189,0
BRDA:189,3,0,-
BRDA:189,3,1,-
DA:192,0
DA:193,0
DA:196,0
DA:198,0
DA:199,0
DA:200,0
DA:203,0
DA:204,0
BRDA:204,4,0,-
DA:206,0
DA:220,0
FN:220,LMSRTestMath.yesPriceE6
FNDA:0,LMSRTestMath.yesPriceE6
DA:225,0
BRDA:225,5,0,-
BRDA:225,5,1,-
DA:227,0
DA:228,0
DA:230,0
DA:232,0
DA:233,0
DA:234,0
DA:236,0
BRDA:236,6,0,-
DA:238,0
FNF:5
FNH:0
LF:61
LH:0
BRF:9
BRH:0
end_of_record
